[0.099s] DEBUG:colcon:Command line arguments: ['/usr/bin/colcon', 'build']
[0.099s] DEBUG:colcon:Parsed command line arguments: Namespace(log_base=None, log_level=None, verb_name='build', build_base='build', install_base='install', merge_install=False, symlink_install=False, test_result_base=None, continue_on_error=False, executor='parallel', parallel_workers=22, event_handlers=None, ignore_user_meta=False, metas=['./colcon.meta'], base_paths=['.'], packages_ignore=None, packages_ignore_regex=None, paths=None, packages_up_to=None, packages_up_to_regex=None, packages_above=None, packages_above_and_dependencies=None, packages_above_depth=None, packages_select_by_dep=None, packages_skip_by_dep=None, packages_skip_up_to=None, packages_select_build_failed=False, packages_skip_build_finished=False, packages_select_test_failures=False, packages_skip_test_passed=False, packages_select=None, packages_skip=None, packages_select_regex=None, packages_skip_regex=None, packages_start=None, packages_end=None, allow_overriding=[], cmake_args=None, cmake_target=None, cmake_target_skip_unavailable=False, cmake_clean_cache=False, cmake_clean_first=False, cmake_force_configure=False, ament_cmake_args=None, catkin_cmake_args=None, catkin_skip_building_tests=False, verb_parser=<colcon_defaults.argument_parser.defaults.DefaultArgumentsDecorator object at 0x72bfb922e680>, verb_extension=<colcon_core.verb.build.BuildVerb object at 0x72bfb93a2c50>, main=<bound method BuildVerb.main of <colcon_core.verb.build.BuildVerb object at 0x72bfb93a2c50>>)
[0.248s] Level 1:colcon.colcon_core.package_discovery:discover_packages(colcon_meta) check parameters
[0.248s] Level 1:colcon.colcon_core.package_discovery:discover_packages(recursive) check parameters
[0.249s] Level 1:colcon.colcon_core.package_discovery:discover_packages(ignore) check parameters
[0.249s] Level 1:colcon.colcon_core.package_discovery:discover_packages(path) check parameters
[0.249s] Level 1:colcon.colcon_core.package_discovery:discover_packages(colcon_meta) discover
[0.249s] Level 1:colcon.colcon_core.package_discovery:discover_packages(recursive) discover
[0.249s] INFO:colcon.colcon_core.package_discovery:Crawling recursively for packages in '/home/ritvik/MRM_Ritvik/src/my_rover'
[0.249s] Level 1:colcon.colcon_core.package_identification:_identify(.) by extensions ['ignore', 'ignore_ament_install']
[0.249s] Level 1:colcon.colcon_core.package_identification:_identify(.) by extension 'ignore'
[0.249s] Level 1:colcon.colcon_core.package_identification:_identify(.) by extension 'ignore_ament_install'
[0.249s] Level 1:colcon.colcon_core.package_identification:_identify(.) by extensions ['colcon_pkg']
[0.249s] Level 1:colcon.colcon_core.package_identification:_identify(.) by extension 'colcon_pkg'
[0.249s] Level 1:colcon.colcon_core.package_identification:_identify(.) by extensions ['colcon_meta']
[0.249s] Level 1:colcon.colcon_core.package_identification:_identify(.) by extension 'colcon_meta'
[0.249s] Level 1:colcon.colcon_core.package_identification:_identify(.) by extensions ['ros']
[0.249s] Level 1:colcon.colcon_core.package_identification:_identify(.) by extension 'ros'
[0.263s] DEBUG:colcon.colcon_core.package_identification:Package '.' with type 'ros.ament_cmake' and name 'my_rover'
[0.263s] Level 1:colcon.colcon_core.package_discovery:discover_packages(recursive) using defaults
[0.263s] Level 1:colcon.colcon_core.package_discovery:discover_packages(ignore) discover
[0.263s] Level 1:colcon.colcon_core.package_discovery:discover_packages(ignore) using defaults
[0.263s] Level 1:colcon.colcon_core.package_discovery:discover_packages(path) discover
[0.263s] Level 1:colcon.colcon_core.package_discovery:discover_packages(path) using defaults
[0.283s] Level 1:colcon.colcon_core.package_discovery:discover_packages(prefix_path) check parameters
[0.283s] Level 1:colcon.colcon_core.package_discovery:discover_packages(prefix_path) discover
[0.285s] DEBUG:colcon.colcon_installed_package_information.package_discovery:Found 320 installed packages in /opt/ros/humble
[0.296s] Level 1:colcon.colcon_core.package_discovery:discover_packages(prefix_path) using defaults
[0.336s] Level 5:colcon.colcon_core.verb:set package 'my_rover' build argument 'cmake_args' from command line to 'None'
[0.336s] Level 5:colcon.colcon_core.verb:set package 'my_rover' build argument 'cmake_target' from command line to 'None'
[0.336s] Level 5:colcon.colcon_core.verb:set package 'my_rover' build argument 'cmake_target_skip_unavailable' from command line to 'False'
[0.336s] Level 5:colcon.colcon_core.verb:set package 'my_rover' build argument 'cmake_clean_cache' from command line to 'False'
[0.336s] Level 5:colcon.colcon_core.verb:set package 'my_rover' build argument 'cmake_clean_first' from command line to 'False'
[0.336s] Level 5:colcon.colcon_core.verb:set package 'my_rover' build argument 'cmake_force_configure' from command line to 'False'
[0.336s] Level 5:colcon.colcon_core.verb:set package 'my_rover' build argument 'ament_cmake_args' from command line to 'None'
[0.336s] Level 5:colcon.colcon_core.verb:set package 'my_rover' build argument 'catkin_cmake_args' from command line to 'None'
[0.336s] Level 5:colcon.colcon_core.verb:set package 'my_rover' build argument 'catkin_skip_building_tests' from command line to 'False'
[0.336s] DEBUG:colcon.colcon_core.verb:Building package 'my_rover' with the following arguments: {'ament_cmake_args': None, 'build_base': '/home/ritvik/MRM_Ritvik/src/my_rover/build/my_rover', 'catkin_cmake_args': None, 'catkin_skip_building_tests': False, 'cmake_args': None, 'cmake_clean_cache': False, 'cmake_clean_first': False, 'cmake_force_configure': False, 'cmake_target': None, 'cmake_target_skip_unavailable': False, 'install_base': '/home/ritvik/MRM_Ritvik/src/my_rover/install/my_rover', 'merge_install': False, 'path': '/home/ritvik/MRM_Ritvik/src/my_rover', 'symlink_install': False, 'test_result_base': None}
[0.336s] INFO:colcon.colcon_core.executor:Executing jobs using 'parallel' executor
[0.338s] DEBUG:colcon.colcon_parallel_executor.executor.parallel:run_until_complete
[0.338s] INFO:colcon.colcon_ros.task.ament_cmake.build:Building ROS package in '/home/ritvik/MRM_Ritvik/src/my_rover' with build type 'ament_cmake'
[0.338s] INFO:colcon.colcon_cmake.task.cmake.build:Building CMake package in '/home/ritvik/MRM_Ritvik/src/my_rover'
[0.340s] INFO:colcon.colcon_core.plugin_system:Skipping extension 'colcon_core.shell.bat': Not used on non-Windows systems
[0.340s] INFO:colcon.colcon_core.shell:Skip shell extension 'powershell' for command environment: Not usable outside of PowerShell
[0.340s] DEBUG:colcon.colcon_core.shell:Skip shell extension 'dsv' for command environment
[0.350s] DEBUG:colcon.colcon_core.event_handler.log_command:Invoking command in '/home/ritvik/MRM_Ritvik/src/my_rover/build/my_rover': CMAKE_PREFIX_PATH=/opt/ros/humble /usr/bin/cmake /home/ritvik/MRM_Ritvik/src/my_rover -DCMAKE_INSTALL_PREFIX=/home/ritvik/MRM_Ritvik/src/my_rover/install/my_rover
[3.080s] DEBUG:colcon.colcon_core.event_handler.log_command:Invoked command in '/home/ritvik/MRM_Ritvik/src/my_rover/build/my_rover' returned '0': CMAKE_PREFIX_PATH=/opt/ros/humble /usr/bin/cmake /home/ritvik/MRM_Ritvik/src/my_rover -DCMAKE_INSTALL_PREFIX=/home/ritvik/MRM_Ritvik/src/my_rover/install/my_rover
[3.083s] DEBUG:colcon.colcon_core.event_handler.log_command:Invoking command in '/home/ritvik/MRM_Ritvik/src/my_rover/build/my_rover': CMAKE_PREFIX_PATH=/opt/ros/humble /usr/bin/cmake --build /home/ritvik/MRM_Ritvik/src/my_rover/build/my_rover -- -j22 -l22
[16.790s] DEBUG:colcon.colcon_core.event_handler.log_command:Invoked command in '/home/ritvik/MRM_Ritvik/src/my_rover/build/my_rover' returned '0': CMAKE_PREFIX_PATH=/opt/ros/humble /usr/bin/cmake --build /home/ritvik/MRM_Ritvik/src/my_rover/build/my_rover -- -j22 -l22
[16.803s] DEBUG:colcon.colcon_core.event_handler.log_command:Invoking command in '/home/ritvik/MRM_Ritvik/src/my_rover/build/my_rover': CMAKE_PREFIX_PATH=/opt/ros/humble /usr/bin/cmake --install /home/ritvik/MRM_Ritvik/src/my_rover/build/my_rover
[16.824s] Level 1:colcon.colcon_core.environment:create_environment_scripts_only(my_rover)
[16.825s] DEBUG:colcon.colcon_core.event_handler.log_command:Invoked command in '/home/ritvik/MRM_Ritvik/src/my_rover/build/my_rover' returned '0': CMAKE_PREFIX_PATH=/opt/ros/humble /usr/bin/cmake --install /home/ritvik/MRM_Ritvik/src/my_rover/build/my_rover
[16.827s] Level 1:colcon.colcon_core.environment:checking '/home/ritvik/MRM_Ritvik/src/my_rover/install/my_rover' for CMake module files
[16.828s] Level 1:colcon.colcon_core.environment:checking '/home/ritvik/MRM_Ritvik/src/my_rover/install/my_rover' for CMake config files
[16.828s] Level 1:colcon.colcon_core.shell:create_environment_hook('my_rover', 'cmake_prefix_path')
[16.828s] INFO:colcon.colcon_core.shell:Creating environment hook '/home/ritvik/MRM_Ritvik/src/my_rover/install/my_rover/share/my_rover/hook/cmake_prefix_path.ps1'
[16.829s] INFO:colcon.colcon_core.shell:Creating environment descriptor '/home/ritvik/MRM_Ritvik/src/my_rover/install/my_rover/share/my_rover/hook/cmake_prefix_path.dsv'
[16.829s] INFO:colcon.colcon_core.shell:Creating environment hook '/home/ritvik/MRM_Ritvik/src/my_rover/install/my_rover/share/my_rover/hook/cmake_prefix_path.sh'
[16.830s] Level 1:colcon.colcon_core.environment:checking '/home/ritvik/MRM_Ritvik/src/my_rover/install/my_rover/lib'
[16.830s] Level 1:colcon.colcon_core.environment:checking '/home/ritvik/MRM_Ritvik/src/my_rover/install/my_rover/bin'
[16.831s] Level 1:colcon.colcon_core.environment:checking '/home/ritvik/MRM_Ritvik/src/my_rover/install/my_rover/lib/pkgconfig/my_rover.pc'
[16.831s] Level 1:colcon.colcon_core.environment:checking '/home/ritvik/MRM_Ritvik/src/my_rover/install/my_rover/lib/python3.10/site-packages'
[16.831s] Level 1:colcon.colcon_core.environment:checking '/home/ritvik/MRM_Ritvik/src/my_rover/install/my_rover/bin'
[16.831s] INFO:colcon.colcon_core.shell:Creating package script '/home/ritvik/MRM_Ritvik/src/my_rover/install/my_rover/share/my_rover/package.ps1'
[16.832s] INFO:colcon.colcon_core.shell:Creating package descriptor '/home/ritvik/MRM_Ritvik/src/my_rover/install/my_rover/share/my_rover/package.dsv'
[16.832s] INFO:colcon.colcon_core.shell:Creating package script '/home/ritvik/MRM_Ritvik/src/my_rover/install/my_rover/share/my_rover/package.sh'
[16.833s] INFO:colcon.colcon_core.shell:Creating package script '/home/ritvik/MRM_Ritvik/src/my_rover/install/my_rover/share/my_rover/package.bash'
[16.834s] INFO:colcon.colcon_core.shell:Creating package script '/home/ritvik/MRM_Ritvik/src/my_rover/install/my_rover/share/my_rover/package.zsh'
[16.834s] Level 1:colcon.colcon_core.environment:create_file_with_runtime_dependencies(/home/ritvik/MRM_Ritvik/src/my_rover/install/my_rover/share/colcon-core/packages/my_rover)
[16.835s] Level 1:colcon.colcon_core.environment:create_environment_scripts_only(my_rover)
[16.835s] Level 1:colcon.colcon_core.environment:checking '/home/ritvik/MRM_Ritvik/src/my_rover/install/my_rover' for CMake module files
[16.836s] Level 1:colcon.colcon_core.environment:checking '/home/ritvik/MRM_Ritvik/src/my_rover/install/my_rover' for CMake config files
[16.836s] Level 1:colcon.colcon_core.shell:create_environment_hook('my_rover', 'cmake_prefix_path')
[16.836s] INFO:colcon.colcon_core.shell:Creating environment hook '/home/ritvik/MRM_Ritvik/src/my_rover/install/my_rover/share/my_rover/hook/cmake_prefix_path.ps1'
[16.836s] INFO:colcon.colcon_core.shell:Creating environment descriptor '/home/ritvik/MRM_Ritvik/src/my_rover/install/my_rover/share/my_rover/hook/cmake_prefix_path.dsv'
[16.837s] INFO:colcon.colcon_core.shell:Creating environment hook '/home/ritvik/MRM_Ritvik/src/my_rover/install/my_rover/share/my_rover/hook/cmake_prefix_path.sh'
[16.837s] Level 1:colcon.colcon_core.environment:checking '/home/ritvik/MRM_Ritvik/src/my_rover/install/my_rover/lib'
[16.837s] Level 1:colcon.colcon_core.environment:checking '/home/ritvik/MRM_Ritvik/src/my_rover/install/my_rover/bin'
[16.837s] Level 1:colcon.colcon_core.environment:checking '/home/ritvik/MRM_Ritvik/src/my_rover/install/my_rover/lib/pkgconfig/my_rover.pc'
[16.837s] Level 1:colcon.colcon_core.environment:checking '/home/ritvik/MRM_Ritvik/src/my_rover/install/my_rover/lib/python3.10/site-packages'
[16.838s] Level 1:colcon.colcon_core.environment:checking '/home/ritvik/MRM_Ritvik/src/my_rover/install/my_rover/bin'
[16.838s] INFO:colcon.colcon_core.shell:Creating package script '/home/ritvik/MRM_Ritvik/src/my_rover/install/my_rover/share/my_rover/package.ps1'
[16.839s] INFO:colcon.colcon_core.shell:Creating package descriptor '/home/ritvik/MRM_Ritvik/src/my_rover/install/my_rover/share/my_rover/package.dsv'
[16.839s] INFO:colcon.colcon_core.shell:Creating package script '/home/ritvik/MRM_Ritvik/src/my_rover/install/my_rover/share/my_rover/package.sh'
[16.839s] INFO:colcon.colcon_core.shell:Creating package script '/home/ritvik/MRM_Ritvik/src/my_rover/install/my_rover/share/my_rover/package.bash'
[16.840s] INFO:colcon.colcon_core.shell:Creating package script '/home/ritvik/MRM_Ritvik/src/my_rover/install/my_rover/share/my_rover/package.zsh'
[16.840s] Level 1:colcon.colcon_core.environment:create_file_with_runtime_dependencies(/home/ritvik/MRM_Ritvik/src/my_rover/install/my_rover/share/colcon-core/packages/my_rover)
[16.840s] DEBUG:colcon.colcon_parallel_executor.executor.parallel:closing loop
[16.841s] DEBUG:colcon.colcon_parallel_executor.executor.parallel:loop closed
[16.841s] DEBUG:colcon.colcon_parallel_executor.executor.parallel:run_until_complete finished with '0'
[16.841s] DEBUG:colcon.colcon_core.event_reactor:joining thread
[16.847s] INFO:colcon.colcon_core.plugin_system:Skipping extension 'colcon_notification.desktop_notification.terminal_notifier': Not used on non-Darwin systems
[16.847s] INFO:colcon.colcon_core.plugin_system:Skipping extension 'colcon_notification.desktop_notification.win32': Not used on non-Windows systems
[16.847s] INFO:colcon.colcon_notification.desktop_notification:Sending desktop notification using 'notify2'
[16.863s] DEBUG:colcon.colcon_core.event_reactor:joined thread
[16.864s] INFO:colcon.colcon_core.shell:Creating prefix script '/home/ritvik/MRM_Ritvik/src/my_rover/install/local_setup.ps1'
[16.865s] INFO:colcon.colcon_core.shell:Creating prefix util module '/home/ritvik/MRM_Ritvik/src/my_rover/install/_local_setup_util_ps1.py'
[16.867s] INFO:colcon.colcon_core.shell:Creating prefix chain script '/home/ritvik/MRM_Ritvik/src/my_rover/install/setup.ps1'
[16.868s] INFO:colcon.colcon_core.shell:Creating prefix script '/home/ritvik/MRM_Ritvik/src/my_rover/install/local_setup.sh'
[16.868s] INFO:colcon.colcon_core.shell:Creating prefix util module '/home/ritvik/MRM_Ritvik/src/my_rover/install/_local_setup_util_sh.py'
[16.869s] INFO:colcon.colcon_core.shell:Creating prefix chain script '/home/ritvik/MRM_Ritvik/src/my_rover/install/setup.sh'
[16.870s] INFO:colcon.colcon_core.shell:Creating prefix script '/home/ritvik/MRM_Ritvik/src/my_rover/install/local_setup.bash'
[16.871s] INFO:colcon.colcon_core.shell:Creating prefix chain script '/home/ritvik/MRM_Ritvik/src/my_rover/install/setup.bash'
[16.872s] INFO:colcon.colcon_core.shell:Creating prefix script '/home/ritvik/MRM_Ritvik/src/my_rover/install/local_setup.zsh'
[16.872s] INFO:colcon.colcon_core.shell:Creating prefix chain script '/home/ritvik/MRM_Ritvik/src/my_rover/install/setup.zsh'
