[0.011s] Invoking command in '/home/ritvik/rover_ws/build/my_rover': CMAKE_PREFIX_PATH=${CMAKE_PREFIX_PATH}:/opt/ros/humble /usr/bin/cmake --build /home/ritvik/rover_ws/build/my_rover -- -j22 -l22
[0.047s] -- Found ament_cmake: 1.3.11 (/opt/ros/humble/share/ament_cmake/cmake)
[0.197s] -- Found gazebo_ros: 3.7.0 (/opt/ros/humble/share/gazebo_ros/cmake)
[0.236s] -- Found rosidl_generator_c: 3.1.6 (/opt/ros/humble/share/rosidl_generator_c/cmake)
[0.238s] -- Found rosidl_adapter: 3.1.6 (/opt/ros/humble/share/rosidl_adapter/cmake)
[0.244s] -- Found rosidl_generator_cpp: 3.1.6 (/opt/ros/humble/share/rosidl_generator_cpp/cmake)
[0.253s] -- Using all available rosidl_typesupport_c: rosidl_typesupport_fastrtps_c;rosidl_typesupport_introspection_c
[0.265s] -- Using all available rosidl_typesupport_cpp: rosidl_typesupport_fastrtps_cpp;rosidl_typesupport_introspection_cpp
[0.297s] -- Found rmw_implementation_cmake: 6.1.2 (/opt/ros/humble/share/rmw_implementation_cmake/cmake)
[0.298s] -- Found rmw_fastrtps_cpp: 6.2.7 (/opt/ros/humble/share/rmw_fastrtps_cpp/cmake)
[0.414s] -- Using RMW implementation 'rmw_fastrtps_cpp' as default
[0.500s] -- Found DART: /usr/include (Required is at least version "6.6") found components: dart 
[0.534s] -- Found Protobuf: /usr/lib/x86_64-linux-gnu/libprotobuf.so (found version "3.12.4") 
[0.537s] -- Looking for ignition-math6 -- found version 6.15.1
[0.543s] -- Searching for dependencies of ignition-math6
[0.544s] -- Looking for OGRE...
[0.552s] -- Found Ogre Ghadamon (1.9.0)
[0.552s] -- Found OGRE: optimized;/usr/lib/x86_64-linux-gnu/libOgreMain.so;debug;/usr/lib/x86_64-linux-gnu/libOgreMain.so
[0.565s] -- Looking for OGRE_Paging...
[0.566s] -- Found OGRE_Paging: optimized;/usr/lib/x86_64-linux-gnu/libOgrePaging.so;debug;/usr/lib/x86_64-linux-gnu/libOgrePaging.so
[0.566s] -- Looking for OGRE_Terrain...
[0.566s] -- Found OGRE_Terrain: optimized;/usr/lib/x86_64-linux-gnu/libOgreTerrain.so;debug;/usr/lib/x86_64-linux-gnu/libOgreTerrain.so
[0.566s] -- Looking for OGRE_Property...
[0.566s] -- Found OGRE_Property: optimized;/usr/lib/x86_64-linux-gnu/libOgreProperty.so;debug;/usr/lib/x86_64-linux-gnu/libOgreProperty.so
[0.566s] -- Looking for OGRE_RTShaderSystem...
[0.567s] -- Found OGRE_RTShaderSystem: optimized;/usr/lib/x86_64-linux-gnu/libOgreRTShaderSystem.so;debug;/usr/lib/x86_64-linux-gnu/libOgreRTShaderSystem.so
[0.567s] -- Looking for OGRE_Volume...
[0.567s] -- Found OGRE_Volume: optimized;/usr/lib/x86_64-linux-gnu/libOgreVolume.so;debug;/usr/lib/x86_64-linux-gnu/libOgreVolume.so
[0.567s] -- Looking for OGRE_Overlay...
[0.567s] -- Found OGRE_Overlay: optimized;/usr/lib/x86_64-linux-gnu/libOgreOverlay.so;debug;/usr/lib/x86_64-linux-gnu/libOgreOverlay.so
[0.666s] -- Looking for ignition-math6 -- found version 6.15.1
[0.666s] -- Looking for ignition-transport8 -- found version 8.2.1
[0.666s] -- Searching for dependencies of ignition-transport8
[0.687s] -- Found Protobuf: /usr/lib/x86_64-linux-gnu/libprotobuf.so (found suitable version "3.12.4", minimum required is "3") 
[0.702s] -- Config-file not installed for ZeroMQ -- checking for pkg-config
[0.708s] -- Checking for module 'libzmq >= 4'
[0.724s] --   Found libzmq , version 4.3.4
[0.777s] -- Checking for module 'uuid'
[0.791s] --   Found uuid, version 2.37.2
[0.829s] -- Looking for ignition-msgs5 -- found version 5.8.1
[0.829s] -- Searching for dependencies of ignition-msgs5
[0.853s] -- Looking for ignition-math6 -- found version 6.15.1
[0.859s] -- Checking for module 'tinyxml2'
[0.874s] --   Found tinyxml2, version 9.0.0
[0.913s] -- Looking for ignition-msgs5 -- found version 5.8.1
[0.913s] -- Looking for ignition-common3 -- found version 3.14.0
[0.914s] -- Searching for dependencies of ignition-common3
[0.914s] -- Looking for dlfcn.h - found
[0.914s] -- Looking for libdl - found
[0.931s] -- Searching for <ignition-common3> component [graphics]
[0.932s] -- Looking for ignition-common3-graphics -- found version 3.14.0
[0.932s] -- Searching for dependencies of ignition-common3-graphics
[0.933s] -- Looking for ignition-math6 -- found version 6.15.1
[0.934s] -- Looking for ignition-fuel_tools4 -- found version 4.4.0
[0.935s] -- Searching for dependencies of ignition-fuel_tools4
[0.981s] -- Checking for module 'jsoncpp'
[0.996s] --   Found jsoncpp, version 1.9.5
[1.042s] -- Checking for module 'libzip'
[1.056s] --   Found libzip, version 1.7.3
[1.093s] -- Looking for ignition-common3 -- found version 3.14.0
[1.094s] -- Looking for ignition-math6 -- found version 6.15.1
[1.094s] -- Looking for ignition-msgs5 -- found version 5.8.1
[1.096s] -- Gazebo version: 11.10
[1.098s] -- Found robot_state_publisher: 3.0.3 (/opt/ros/humble/share/robot_state_publisher/cmake)
[1.118s] -- Found eigen3_cmake_module: 0.1.1 (/opt/ros/humble/share/eigen3_cmake_module/cmake)
[1.120s] -- Ensuring Eigen3 include directory is part of orocos-kdl CMake target
[1.258s] -- Found nav2_msgs: 1.1.17 (/opt/ros/humble/share/nav2_msgs/cmake)
[1.307s] [31mCMake Error at CMakeLists.txt:19 (find_package):
[1.308s]   By not providing "Findxacro.cmake" in CMAKE_MODULE_PATH this project has
[1.308s]   asked CMake to find a package configuration file provided by "xacro", but
[1.308s]   CMake did not find one.
[1.308s] 
[1.308s]   Could not find a package configuration file provided by "xacro" with any of
[1.308s]   the following names:
[1.308s] 
[1.308s]     xacroConfig.cmake
[1.308s]     xacro-config.cmake
[1.308s] 
[1.308s]   Add the installation prefix of "xacro" to CMAKE_PREFIX_PATH or set
[1.309s]   "xacro_DIR" to a directory containing one of the above files.  If "xacro"
[1.309s]   provides a separate development package or SDK, be sure it has been
[1.309s]   installed.
[1.309s] 
[1.309s] [0m
[1.309s] -- Configuring incomplete, errors occurred!
[1.309s] See also "/home/ritvik/rover_ws/build/my_rover/CMakeFiles/CMakeOutput.log".
[1.320s] gmake: *** [Makefile:267: cmake_check_build_system] Error 1
[1.324s] Invoked command in '/home/ritvik/rover_ws/build/my_rover' returned '2': CMAKE_PREFIX_PATH=${CMAKE_PREFIX_PATH}:/opt/ros/humble /usr/bin/cmake --build /home/ritvik/rover_ws/build/my_rover -- -j22 -l22
