[0.011s] Invoking command in '/home/ritvik/MRM_Ritvik/src/my_rover/build/my_rover': CMAKE_PREFIX_PATH=/opt/ros/humble /usr/bin/cmake /home/ritvik/MRM_Ritvik/src/my_rover -DCMAKE_INSTALL_PREFIX=/home/ritvik/MRM_Ritvik/src/my_rover/install/my_rover
[0.095s] -- The C compiler identification is GNU 11.4.0
[0.165s] -- The CXX compiler identification is GNU 11.4.0
[0.173s] -- Detecting C compiler ABI info
[0.262s] -- Detecting C compiler ABI info - done
[0.271s] -- Check for working C compiler: /usr/bin/cc - skipped
[0.272s] -- Detecting C compile features
[0.272s] -- Detecting C compile features - done
[0.276s] -- Detecting CXX compiler ABI info
[0.381s] -- Detecting CXX compiler ABI info - done
[0.390s] -- Check for working CXX compiler: /usr/bin/c++ - skipped
[0.390s] -- Detecting CXX compile features
[0.391s] -- Detecting CXX compile features - done
[0.393s] -- Found ament_cmake: 1.3.11 (/opt/ros/humble/share/ament_cmake/cmake)
[0.571s] -- Found Python3: /usr/bin/python3 (found version "3.10.12") found components: Interpreter 
[0.677s] -- Found gazebo_ros: 3.7.0 (/opt/ros/humble/share/gazebo_ros/cmake)
[0.718s] -- Found rosidl_generator_c: 3.1.6 (/opt/ros/humble/share/rosidl_generator_c/cmake)
[0.722s] -- Found rosidl_adapter: 3.1.6 (/opt/ros/humble/share/rosidl_adapter/cmake)
[0.730s] -- Found rosidl_generator_cpp: 3.1.6 (/opt/ros/humble/share/rosidl_generator_cpp/cmake)
[0.741s] -- Using all available rosidl_typesupport_c: rosidl_typesupport_fastrtps_c;rosidl_typesupport_introspection_c
[0.755s] -- Using all available rosidl_typesupport_cpp: rosidl_typesupport_fastrtps_cpp;rosidl_typesupport_introspection_cpp
[0.795s] -- Found rmw_implementation_cmake: 6.1.2 (/opt/ros/humble/share/rmw_implementation_cmake/cmake)
[0.797s] -- Found rmw_fastrtps_cpp: 6.2.7 (/opt/ros/humble/share/rmw_fastrtps_cpp/cmake)
[0.895s] -- Found OpenSSL: /usr/lib/x86_64-linux-gnu/libcrypto.so (found version "3.0.2")  
[0.931s] -- Found FastRTPS: /opt/ros/humble/include  
[0.988s] -- Using RMW implementation 'rmw_fastrtps_cpp' as default
[0.998s] -- Looking for pthread.h
[1.096s] -- Looking for pthread.h - found
[1.096s] -- Performing Test CMAKE_HAVE_LIBC_PTHREAD
[1.189s] -- Performing Test CMAKE_HAVE_LIBC_PTHREAD - Success
[1.191s] -- Found Threads: TRUE  
[1.259s] -- Found PkgConfig: /usr/bin/pkg-config (found version "0.29.2") 
[1.260s] -- Checking for module 'bullet>=2.82'
[1.277s] --   Found bullet, version 3.05
[1.410s] -- Found fcl: /usr/include (found suitable version "0.7.0", minimum required is "0.5.0") 
[1.473s] -- Found assimp: /usr/include (found version "5.2.0") 
[1.496s] -- Found DART: /usr/include (Required is at least version "6.6") found components: dart 
[1.530s] -- Found Boost: /usr/lib/x86_64-linux-gnu/cmake/Boost-1.74.0/BoostConfig.cmake (found suitable version "1.74.0", minimum required is "1.40.0") found components: thread system filesystem program_options regex iostreams date_time 
[1.551s] -- Found Protobuf: /usr/lib/x86_64-linux-gnu/libprotobuf.so (found version "3.12.4") 
[1.555s] -- Looking for ignition-math6 -- found version 6.15.1
[1.562s] -- Searching for dependencies of ignition-math6
[1.564s] -- Looking for OGRE...
[1.565s] -- OGRE_PREFIX_WATCH changed.
[1.571s] -- Checking for module 'OGRE'
[1.588s] --   Found OGRE, version 1.9.0
[1.629s] -- Found Ogre Ghadamon (1.9.0)
[1.637s] -- Found OGRE: optimized;/usr/lib/x86_64-linux-gnu/libOgreMain.so;debug;/usr/lib/x86_64-linux-gnu/libOgreMain.so
[1.650s] -- Looking for OGRE_Paging...
[1.656s] -- Found OGRE_Paging: optimized;/usr/lib/x86_64-linux-gnu/libOgrePaging.so;debug;/usr/lib/x86_64-linux-gnu/libOgrePaging.so
[1.657s] -- Looking for OGRE_Terrain...
[1.662s] -- Found OGRE_Terrain: optimized;/usr/lib/x86_64-linux-gnu/libOgreTerrain.so;debug;/usr/lib/x86_64-linux-gnu/libOgreTerrain.so
[1.662s] -- Looking for OGRE_Property...
[1.668s] -- Found OGRE_Property: optimized;/usr/lib/x86_64-linux-gnu/libOgreProperty.so;debug;/usr/lib/x86_64-linux-gnu/libOgreProperty.so
[1.668s] -- Looking for OGRE_RTShaderSystem...
[1.674s] -- Found OGRE_RTShaderSystem: optimized;/usr/lib/x86_64-linux-gnu/libOgreRTShaderSystem.so;debug;/usr/lib/x86_64-linux-gnu/libOgreRTShaderSystem.so
[1.674s] -- Looking for OGRE_Volume...
[1.679s] -- Found OGRE_Volume: optimized;/usr/lib/x86_64-linux-gnu/libOgreVolume.so;debug;/usr/lib/x86_64-linux-gnu/libOgreVolume.so
[1.679s] -- Looking for OGRE_Overlay...
[1.684s] -- Found OGRE_Overlay: optimized;/usr/lib/x86_64-linux-gnu/libOgreOverlay.so;debug;/usr/lib/x86_64-linux-gnu/libOgreOverlay.so
[1.781s] -- Looking for ignition-math6 -- found version 6.15.1
[1.783s] -- Looking for ignition-transport8 -- found version 8.2.1
[1.784s] -- Searching for dependencies of ignition-transport8
[1.804s] -- Found Protobuf: /usr/lib/x86_64-linux-gnu/libprotobuf.so (found suitable version "3.12.4", minimum required is "3") 
[1.816s] -- Config-file not installed for ZeroMQ -- checking for pkg-config
[1.823s] -- Checking for module 'libzmq >= 4'
[1.841s] --   Found libzmq , version 4.3.4
[1.888s] -- Found ZeroMQ: TRUE (Required is at least version "4") 
[1.896s] -- Checking for module 'uuid'
[1.910s] --   Found uuid, version 2.37.2
[1.951s] -- Found UUID: TRUE  
[1.953s] -- Looking for ignition-msgs5 -- found version 5.8.1
[1.954s] -- Searching for dependencies of ignition-msgs5
[1.978s] -- Looking for ignition-math6 -- found version 6.15.1
[1.984s] -- Checking for module 'tinyxml2'
[2.001s] --   Found tinyxml2, version 9.0.0
[2.045s] -- Looking for ignition-msgs5 -- found version 5.8.1
[2.047s] -- Looking for ignition-common3 -- found version 3.14.0
[2.047s] -- Searching for dependencies of ignition-common3
[2.048s] -- Looking for dlfcn.h - found
[2.049s] -- Looking for libdl - found
[2.051s] -- Found DL: TRUE  
[2.065s] -- Found tinyobjloader: /usr/lib/x86_64-linux-gnu/cmake/tinyobjloader/tinyobjloader-config.cmake (found version "2.0.0") 
[2.065s] -- Searching for <ignition-common3> component [graphics]
[2.067s] -- Looking for ignition-common3-graphics -- found version 3.14.0
[2.068s] -- Searching for dependencies of ignition-common3-graphics
[2.068s] -- Looking for ignition-math6 -- found version 6.15.1
[2.071s] -- Looking for ignition-fuel_tools4 -- found version 4.4.0
[2.072s] -- Searching for dependencies of ignition-fuel_tools4
[2.170s] -- Found CURL: /usr/lib/x86_64-linux-gnu/libcurl.so (found version "7.81.0")  
[2.180s] -- Checking for module 'jsoncpp'
[2.196s] --   Found jsoncpp, version 1.9.5
[2.240s] -- Found JSONCPP: TRUE  
[2.247s] -- Checking for module 'libzip'
[2.263s] --   Found libzip, version 1.7.3
[2.304s] -- Found ZIP: TRUE  
[2.305s] -- Looking for ignition-common3 -- found version 3.14.0
[2.306s] -- Looking for ignition-math6 -- found version 6.15.1
[2.306s] -- Looking for ignition-msgs5 -- found version 5.8.1
[2.310s] -- Gazebo version: 11.10
[2.311s] -- Checking for module 'tbb'
[2.326s] --   Found tbb, version 2021.5.0
[2.371s] -- Found robot_state_publisher: 3.0.3 (/opt/ros/humble/share/robot_state_publisher/cmake)
[2.399s] -- Found eigen3_cmake_module: 0.1.1 (/opt/ros/humble/share/eigen3_cmake_module/cmake)
[2.401s] -- Found Eigen3: TRUE (found version "3.4.0") 
[2.401s] -- Ensuring Eigen3 include directory is part of orocos-kdl CMake target
[2.555s] -- Found nav2_msgs: 1.1.17 (/opt/ros/humble/share/nav2_msgs/cmake)
[2.598s] -- Found tf2_geometry_msgs: 0.25.11 (/opt/ros/humble/share/tf2_geometry_msgs/cmake)
[2.602s] -- Found xacro: 2.0.8 (/opt/ros/humble/share/xacro/cmake)
[2.605s] -- Found ament_lint_auto: 0.12.11 (/opt/ros/humble/share/ament_lint_auto/cmake)
[2.690s] -- Added test 'cppcheck' to perform static code analysis on C / C++ code
[2.690s] -- Configured cppcheck include dirs: 
[2.690s] -- Configured cppcheck exclude dirs and/or files: 
[2.691s] -- Added test 'flake8' to check Python code syntax and style conventions
[2.693s] -- Added test 'lint_cmake' to check CMake code style
[2.694s] -- Added test 'pep257' to check Python code against some of the docstring style conventions in PEP 257
[2.701s] -- Added test 'uncrustify' to check C / C++ code style
[2.701s] -- Configured uncrustify additional arguments: 
[2.703s] -- Added test 'xmllint' to check XML markup files
[2.703s] -- Configuring done
[2.717s] -- Generating done
[2.723s] -- Build files have been written to: /home/ritvik/MRM_Ritvik/src/my_rover/build/my_rover
[2.741s] Invoked command in '/home/ritvik/MRM_Ritvik/src/my_rover/build/my_rover' returned '0': CMAKE_PREFIX_PATH=/opt/ros/humble /usr/bin/cmake /home/ritvik/MRM_Ritvik/src/my_rover -DCMAKE_INSTALL_PREFIX=/home/ritvik/MRM_Ritvik/src/my_rover/install/my_rover
[2.744s] Invoking command in '/home/ritvik/MRM_Ritvik/src/my_rover/build/my_rover': CMAKE_PREFIX_PATH=/opt/ros/humble /usr/bin/cmake --build /home/ritvik/MRM_Ritvik/src/my_rover/build/my_rover -- -j22 -l22
[2.805s] [ 50%] [32mBuilding CXX object CMakeFiles/gps_node.dir/src/nav_trial.cpp.o[0m
[15.820s] [100%] [32m[1mLinking CXX executable gps_node[0m
[16.435s] [100%] Built target gps_node
[16.451s] Invoked command in '/home/ritvik/MRM_Ritvik/src/my_rover/build/my_rover' returned '0': CMAKE_PREFIX_PATH=/opt/ros/humble /usr/bin/cmake --build /home/ritvik/MRM_Ritvik/src/my_rover/build/my_rover -- -j22 -l22
[16.464s] Invoking command in '/home/ritvik/MRM_Ritvik/src/my_rover/build/my_rover': CMAKE_PREFIX_PATH=/opt/ros/humble /usr/bin/cmake --install /home/ritvik/MRM_Ritvik/src/my_rover/build/my_rover
[16.473s] -- Install configuration: ""
[16.473s] -- Installing: /home/ritvik/MRM_Ritvik/src/my_rover/install/my_rover/lib/my_rover/gps_node
[16.481s] -- Set runtime path of "/home/ritvik/MRM_Ritvik/src/my_rover/install/my_rover/lib/my_rover/gps_node" to ""
[16.482s] -- Up-to-date: /home/ritvik/MRM_Ritvik/src/my_rover/install/my_rover/share/my_rover//launch
[16.482s] -- Up-to-date: /home/ritvik/MRM_Ritvik/src/my_rover/install/my_rover/share/my_rover//launch/robot.launch.py
[16.482s] -- Up-to-date: /home/ritvik/MRM_Ritvik/src/my_rover/install/my_rover/share/my_rover//launch/gps.launch.py
[16.482s] -- Up-to-date: /home/ritvik/MRM_Ritvik/src/my_rover/install/my_rover/share/my_rover//launch/display.launch.py
[16.482s] -- Up-to-date: /home/ritvik/MRM_Ritvik/src/my_rover/install/my_rover/share/my_rover//launch/gazebo.launch.py
[16.482s] -- Up-to-date: /home/ritvik/MRM_Ritvik/src/my_rover/install/my_rover/share/my_rover//urdf
[16.482s] -- Up-to-date: /home/ritvik/MRM_Ritvik/src/my_rover/install/my_rover/share/my_rover//urdf/gps.xacro
[16.482s] -- Up-to-date: /home/ritvik/MRM_Ritvik/src/my_rover/install/my_rover/share/my_rover//urdf/material.xacro
[16.482s] -- Up-to-date: /home/ritvik/MRM_Ritvik/src/my_rover/install/my_rover/share/my_rover//urdf/inertial.xacro
[16.482s] -- Up-to-date: /home/ritvik/MRM_Ritvik/src/my_rover/install/my_rover/share/my_rover//urdf/cam.xacro
[16.482s] -- Up-to-date: /home/ritvik/MRM_Ritvik/src/my_rover/install/my_rover/share/my_rover//urdf/stereo.xacro
[16.483s] -- Up-to-date: /home/ritvik/MRM_Ritvik/src/my_rover/install/my_rover/share/my_rover//urdf/lidar.xacro
[16.483s] -- Up-to-date: /home/ritvik/MRM_Ritvik/src/my_rover/install/my_rover/share/my_rover//urdf/imu.xacro
[16.483s] -- Up-to-date: /home/ritvik/MRM_Ritvik/src/my_rover/install/my_rover/share/my_rover//urdf/robot.urdf.xacro
[16.483s] -- Up-to-date: /home/ritvik/MRM_Ritvik/src/my_rover/install/my_rover/share/my_rover//rviz
[16.483s] -- Up-to-date: /home/ritvik/MRM_Ritvik/src/my_rover/install/my_rover/share/my_rover//rviz/config.rviz
[16.483s] -- Installing: /home/ritvik/MRM_Ritvik/src/my_rover/install/my_rover/share/ament_index/resource_index/package_run_dependencies/my_rover
[16.483s] -- Installing: /home/ritvik/MRM_Ritvik/src/my_rover/install/my_rover/share/ament_index/resource_index/parent_prefix_path/my_rover
[16.483s] -- Installing: /home/ritvik/MRM_Ritvik/src/my_rover/install/my_rover/share/my_rover/environment/ament_prefix_path.sh
[16.483s] -- Installing: /home/ritvik/MRM_Ritvik/src/my_rover/install/my_rover/share/my_rover/environment/ament_prefix_path.dsv
[16.483s] -- Installing: /home/ritvik/MRM_Ritvik/src/my_rover/install/my_rover/share/my_rover/environment/path.sh
[16.483s] -- Installing: /home/ritvik/MRM_Ritvik/src/my_rover/install/my_rover/share/my_rover/environment/path.dsv
[16.483s] -- Installing: /home/ritvik/MRM_Ritvik/src/my_rover/install/my_rover/share/my_rover/local_setup.bash
[16.483s] -- Installing: /home/ritvik/MRM_Ritvik/src/my_rover/install/my_rover/share/my_rover/local_setup.sh
[16.483s] -- Installing: /home/ritvik/MRM_Ritvik/src/my_rover/install/my_rover/share/my_rover/local_setup.zsh
[16.483s] -- Installing: /home/ritvik/MRM_Ritvik/src/my_rover/install/my_rover/share/my_rover/local_setup.dsv
[16.484s] -- Installing: /home/ritvik/MRM_Ritvik/src/my_rover/install/my_rover/share/my_rover/package.dsv
[16.484s] -- Installing: /home/ritvik/MRM_Ritvik/src/my_rover/install/my_rover/share/ament_index/resource_index/packages/my_rover
[16.484s] -- Installing: /home/ritvik/MRM_Ritvik/src/my_rover/install/my_rover/share/my_rover/cmake/my_roverConfig.cmake
[16.484s] -- Installing: /home/ritvik/MRM_Ritvik/src/my_rover/install/my_rover/share/my_rover/cmake/my_roverConfig-version.cmake
[16.484s] -- Up-to-date: /home/ritvik/MRM_Ritvik/src/my_rover/install/my_rover/share/my_rover/package.xml
[16.486s] Invoked command in '/home/ritvik/MRM_Ritvik/src/my_rover/build/my_rover' returned '0': CMAKE_PREFIX_PATH=/opt/ros/humble /usr/bin/cmake --install /home/ritvik/MRM_Ritvik/src/my_rover/build/my_rover
