[0.013s] Invoking command in '/home/ritvik/rover_ws/build/my_rover': CMAKE_PREFIX_PATH=${CMAKE_PREFIX_PATH}:/opt/ros/humble /usr/bin/cmake --build /home/ritvik/rover_ws/build/my_rover -- -j22 -l22
[0.053s] -- Found ament_cmake: 1.3.11 (/opt/ros/humble/share/ament_cmake/cmake)
[0.207s] -- Found gazebo_ros: 3.7.0 (/opt/ros/humble/share/gazebo_ros/cmake)
[0.242s] -- Found rosidl_generator_c: 3.1.6 (/opt/ros/humble/share/rosidl_generator_c/cmake)
[0.244s] -- Found rosidl_adapter: 3.1.6 (/opt/ros/humble/share/rosidl_adapter/cmake)
[0.250s] -- Found rosidl_generator_cpp: 3.1.6 (/opt/ros/humble/share/rosidl_generator_cpp/cmake)
[0.259s] -- Using all available rosidl_typesupport_c: rosidl_typesupport_fastrtps_c;rosidl_typesupport_introspection_c
[0.271s] -- Using all available rosidl_typesupport_cpp: rosidl_typesupport_fastrtps_cpp;rosidl_typesupport_introspection_cpp
[0.302s] -- Found rmw_implementation_cmake: 6.1.2 (/opt/ros/humble/share/rmw_implementation_cmake/cmake)
[0.304s] -- Found rmw_fastrtps_cpp: 6.2.7 (/opt/ros/humble/share/rmw_fastrtps_cpp/cmake)
[0.427s] -- Using RMW implementation 'rmw_fastrtps_cpp' as default
[0.536s] -- Found DART: /usr/include (Required is at least version "6.6") found components: dart 
[0.583s] -- Found Protobuf: /usr/lib/x86_64-linux-gnu/libprotobuf.so (found version "3.12.4") 
[0.586s] -- Looking for ignition-math6 -- found version 6.15.1
[0.595s] -- Searching for dependencies of ignition-math6
[0.597s] -- Looking for OGRE...
[0.605s] -- Found Ogre Ghadamon (1.9.0)
[0.606s] -- Found OGRE: optimized;/usr/lib/x86_64-linux-gnu/libOgreMain.so;debug;/usr/lib/x86_64-linux-gnu/libOgreMain.so
[0.619s] -- Looking for OGRE_Paging...
[0.620s] -- Found OGRE_Paging: optimized;/usr/lib/x86_64-linux-gnu/libOgrePaging.so;debug;/usr/lib/x86_64-linux-gnu/libOgrePaging.so
[0.620s] -- Looking for OGRE_Terrain...
[0.620s] -- Found OGRE_Terrain: optimized;/usr/lib/x86_64-linux-gnu/libOgreTerrain.so;debug;/usr/lib/x86_64-linux-gnu/libOgreTerrain.so
[0.620s] -- Looking for OGRE_Property...
[0.620s] -- Found OGRE_Property: optimized;/usr/lib/x86_64-linux-gnu/libOgreProperty.so;debug;/usr/lib/x86_64-linux-gnu/libOgreProperty.so
[0.620s] -- Looking for OGRE_RTShaderSystem...
[0.620s] -- Found OGRE_RTShaderSystem: optimized;/usr/lib/x86_64-linux-gnu/libOgreRTShaderSystem.so;debug;/usr/lib/x86_64-linux-gnu/libOgreRTShaderSystem.so
[0.620s] -- Looking for OGRE_Volume...
[0.620s] -- Found OGRE_Volume: optimized;/usr/lib/x86_64-linux-gnu/libOgreVolume.so;debug;/usr/lib/x86_64-linux-gnu/libOgreVolume.so
[0.621s] -- Looking for OGRE_Overlay...
[0.621s] -- Found OGRE_Overlay: optimized;/usr/lib/x86_64-linux-gnu/libOgreOverlay.so;debug;/usr/lib/x86_64-linux-gnu/libOgreOverlay.so
[0.722s] -- Looking for ignition-math6 -- found version 6.15.1
[0.722s] -- Looking for ignition-transport8 -- found version 8.2.1
[0.723s] -- Searching for dependencies of ignition-transport8
[0.743s] -- Found Protobuf: /usr/lib/x86_64-linux-gnu/libprotobuf.so (found suitable version "3.12.4", minimum required is "3") 
[0.755s] -- Config-file not installed for ZeroMQ -- checking for pkg-config
[0.762s] -- Checking for module 'libzmq >= 4'
[0.780s] --   Found libzmq , version 4.3.4
[0.828s] -- Checking for module 'uuid'
[0.843s] --   Found uuid, version 2.37.2
[0.879s] -- Looking for ignition-msgs5 -- found version 5.8.1
[0.880s] -- Searching for dependencies of ignition-msgs5
[0.902s] -- Looking for ignition-math6 -- found version 6.15.1
[0.909s] -- Checking for module 'tinyxml2'
[0.924s] --   Found tinyxml2, version 9.0.0
[0.964s] -- Looking for ignition-msgs5 -- found version 5.8.1
[0.964s] -- Looking for ignition-common3 -- found version 3.14.0
[0.965s] -- Searching for dependencies of ignition-common3
[0.965s] -- Looking for dlfcn.h - found
[0.965s] -- Looking for libdl - found
[0.983s] -- Searching for <ignition-common3> component [graphics]
[0.984s] -- Looking for ignition-common3-graphics -- found version 3.14.0
[0.984s] -- Searching for dependencies of ignition-common3-graphics
[0.985s] -- Looking for ignition-math6 -- found version 6.15.1
[0.986s] -- Looking for ignition-fuel_tools4 -- found version 4.4.0
[0.987s] -- Searching for dependencies of ignition-fuel_tools4
[1.041s] -- Checking for module 'jsoncpp'
[1.057s] --   Found jsoncpp, version 1.9.5
[1.101s] -- Checking for module 'libzip'
[1.116s] --   Found libzip, version 1.7.3
[1.154s] -- Looking for ignition-common3 -- found version 3.14.0
[1.155s] -- Looking for ignition-math6 -- found version 6.15.1
[1.155s] -- Looking for ignition-msgs5 -- found version 5.8.1
[1.157s] -- Gazebo version: 11.10
[1.159s] -- Found robot_state_publisher: 3.0.3 (/opt/ros/humble/share/robot_state_publisher/cmake)
[1.179s] -- Found eigen3_cmake_module: 0.1.1 (/opt/ros/humble/share/eigen3_cmake_module/cmake)
[1.181s] -- Ensuring Eigen3 include directory is part of orocos-kdl CMake target
[1.321s] [31mCMake Error at CMakeLists.txt:14 (find_package):
[1.321s]   By not providing "Findnav2_msgs.cmake" in CMAKE_MODULE_PATH this project
[1.321s]   has asked CMake to find a package configuration file provided by
[1.321s]   "nav2_msgs", but CMake did not find one.
[1.321s] 
[1.321s]   Could not find a package configuration file provided by "nav2_msgs" with
[1.322s]   any of the following names:
[1.322s] 
[1.322s]     nav2_msgsConfig.cmake
[1.322s]     nav2_msgs-config.cmake
[1.322s] 
[1.322s]   Add the installation prefix of "nav2_msgs" to CMAKE_PREFIX_PATH or set
[1.322s]   "nav2_msgs_DIR" to a directory containing one of the above files.  If
[1.322s]   "nav2_msgs" provides a separate development package or SDK, be sure it has
[1.322s]   been installed.
[1.322s] 
[1.322s] [0m
[1.322s] -- Configuring incomplete, errors occurred!
[1.322s] See also "/home/ritvik/rover_ws/build/my_rover/CMakeFiles/CMakeOutput.log".
[1.333s] gmake: *** [Makefile:267: cmake_check_build_system] Error 1
[1.337s] Invoked command in '/home/ritvik/rover_ws/build/my_rover' returned '2': CMAKE_PREFIX_PATH=${CMAKE_PREFIX_PATH}:/opt/ros/humble /usr/bin/cmake --build /home/ritvik/rover_ws/build/my_rover -- -j22 -l22
