[0.013s] Invoking command in '/home/ritvik/rover_ws/src/my_rover/build/my_rover': CMAKE_PREFIX_PATH=/opt/ros/humble /usr/bin/cmake --build /home/ritvik/rover_ws/src/my_rover/build/my_rover -- -j22 -l22
[0.046s] -- Found ament_cmake: 1.3.11 (/opt/ros/humble/share/ament_cmake/cmake)
[0.183s] -- Found gazebo_ros: 3.7.0 (/opt/ros/humble/share/gazebo_ros/cmake)
[0.214s] -- Found rosidl_generator_c: 3.1.6 (/opt/ros/humble/share/rosidl_generator_c/cmake)
[0.216s] -- Found rosidl_adapter: 3.1.6 (/opt/ros/humble/share/rosidl_adapter/cmake)
[0.222s] -- Found rosidl_generator_cpp: 3.1.6 (/opt/ros/humble/share/rosidl_generator_cpp/cmake)
[0.231s] -- Using all available rosidl_typesupport_c: rosidl_typesupport_fastrtps_c;rosidl_typesupport_introspection_c
[0.243s] -- Using all available rosidl_typesupport_cpp: rosidl_typesupport_fastrtps_cpp;rosidl_typesupport_introspection_cpp
[0.274s] -- Found rmw_implementation_cmake: 6.1.2 (/opt/ros/humble/share/rmw_implementation_cmake/cmake)
[0.275s] -- Found rmw_fastrtps_cpp: 6.2.7 (/opt/ros/humble/share/rmw_fastrtps_cpp/cmake)
[0.404s] -- Using RMW implementation 'rmw_fastrtps_cpp' as default
[0.502s] -- Found DART: /usr/include (Required is at least version "6.6") found components: dart 
[0.534s] -- Found Protobuf: /usr/lib/x86_64-linux-gnu/libprotobuf.so (found version "3.12.4") 
[0.536s] -- Looking for ignition-math6 -- found version 6.15.1
[0.540s] -- Searching for dependencies of ignition-math6
[0.542s] -- Looking for OGRE...
[0.549s] -- Found Ogre Ghadamon (1.9.0)
[0.549s] -- Found OGRE: optimized;/usr/lib/x86_64-linux-gnu/libOgreMain.so;debug;/usr/lib/x86_64-linux-gnu/libOgreMain.so
[0.563s] -- Looking for OGRE_Paging...
[0.563s] -- Found OGRE_Paging: optimized;/usr/lib/x86_64-linux-gnu/libOgrePaging.so;debug;/usr/lib/x86_64-linux-gnu/libOgrePaging.so
[0.563s] -- Looking for OGRE_Terrain...
[0.563s] -- Found OGRE_Terrain: optimized;/usr/lib/x86_64-linux-gnu/libOgreTerrain.so;debug;/usr/lib/x86_64-linux-gnu/libOgreTerrain.so
[0.563s] -- Looking for OGRE_Property...
[0.563s] -- Found OGRE_Property: optimized;/usr/lib/x86_64-linux-gnu/libOgreProperty.so;debug;/usr/lib/x86_64-linux-gnu/libOgreProperty.so
[0.564s] -- Looking for OGRE_RTShaderSystem...
[0.564s] -- Found OGRE_RTShaderSystem: optimized;/usr/lib/x86_64-linux-gnu/libOgreRTShaderSystem.so;debug;/usr/lib/x86_64-linux-gnu/libOgreRTShaderSystem.so
[0.564s] -- Looking for OGRE_Volume...
[0.564s] -- Found OGRE_Volume: optimized;/usr/lib/x86_64-linux-gnu/libOgreVolume.so;debug;/usr/lib/x86_64-linux-gnu/libOgreVolume.so
[0.564s] -- Looking for OGRE_Overlay...
[0.564s] -- Found OGRE_Overlay: optimized;/usr/lib/x86_64-linux-gnu/libOgreOverlay.so;debug;/usr/lib/x86_64-linux-gnu/libOgreOverlay.so
[0.664s] -- Looking for ignition-math6 -- found version 6.15.1
[0.664s] -- Looking for ignition-transport8 -- found version 8.2.1
[0.664s] -- Searching for dependencies of ignition-transport8
[0.684s] -- Found Protobuf: /usr/lib/x86_64-linux-gnu/libprotobuf.so (found suitable version "3.12.4", minimum required is "3") 
[0.697s] -- Config-file not installed for ZeroMQ -- checking for pkg-config
[0.703s] -- Checking for module 'libzmq >= 4'
[0.720s] --   Found libzmq , version 4.3.4
[0.768s] -- Checking for module 'uuid'
[0.783s] --   Found uuid, version 2.37.2
[0.820s] -- Looking for ignition-msgs5 -- found version 5.8.1
[0.821s] -- Searching for dependencies of ignition-msgs5
[0.844s] -- Looking for ignition-math6 -- found version 6.15.1
[0.850s] -- Checking for module 'tinyxml2'
[0.865s] --   Found tinyxml2, version 9.0.0
[0.905s] -- Looking for ignition-msgs5 -- found version 5.8.1
[0.905s] -- Looking for ignition-common3 -- found version 3.14.0
[0.906s] -- Searching for dependencies of ignition-common3
[0.906s] -- Looking for dlfcn.h - found
[0.906s] -- Looking for libdl - found
[0.922s] -- Searching for <ignition-common3> component [graphics]
[0.923s] -- Looking for ignition-common3-graphics -- found version 3.14.0
[0.923s] -- Searching for dependencies of ignition-common3-graphics
[0.924s] -- Looking for ignition-math6 -- found version 6.15.1
[0.925s] -- Looking for ignition-fuel_tools4 -- found version 4.4.0
[0.925s] -- Searching for dependencies of ignition-fuel_tools4
[0.973s] -- Checking for module 'jsoncpp'
[0.989s] --   Found jsoncpp, version 1.9.5
[1.036s] -- Checking for module 'libzip'
[1.051s] --   Found libzip, version 1.7.3
[1.090s] -- Looking for ignition-common3 -- found version 3.14.0
[1.091s] -- Looking for ignition-math6 -- found version 6.15.1
[1.091s] -- Looking for ignition-msgs5 -- found version 5.8.1
[1.093s] -- Gazebo version: 11.10
[1.095s] -- Found robot_state_publisher: 3.0.3 (/opt/ros/humble/share/robot_state_publisher/cmake)
[1.117s] -- Found eigen3_cmake_module: 0.1.1 (/opt/ros/humble/share/eigen3_cmake_module/cmake)
[1.119s] -- Ensuring Eigen3 include directory is part of orocos-kdl CMake target
[1.252s] -- Found nav2_msgs: 1.1.17 (/opt/ros/humble/share/nav2_msgs/cmake)
[1.292s] -- Found xacro: 2.0.8 (/opt/ros/humble/share/xacro/cmake)
[1.294s] -- Found ament_lint_auto: 0.12.11 (/opt/ros/humble/share/ament_lint_auto/cmake)
[1.371s] -- Added test 'cppcheck' to perform static code analysis on C / C++ code
[1.371s] -- Configured cppcheck include dirs: 
[1.371s] -- Configured cppcheck exclude dirs and/or files: 
[1.372s] -- Added test 'flake8' to check Python code syntax and style conventions
[1.374s] -- Added test 'lint_cmake' to check CMake code style
[1.375s] -- Added test 'pep257' to check Python code against some of the docstring style conventions in PEP 257
[1.382s] -- Added test 'uncrustify' to check C / C++ code style
[1.382s] -- Configured uncrustify additional arguments: 
[1.383s] -- Added test 'xmllint' to check XML markup files
[1.384s] -- Configuring done
[1.396s] -- Generating done
[1.401s] -- Build files have been written to: /home/ritvik/rover_ws/src/my_rover/build/my_rover
[1.450s] [ 50%] [32mBuilding CXX object CMakeFiles/gps_node.dir/src/gps_nav.cpp.o[0m
[14.359s] [100%] [32m[1mLinking CXX executable gps_node[0m
[14.931s] [100%] Built target gps_node
[14.944s] Invoked command in '/home/ritvik/rover_ws/src/my_rover/build/my_rover' returned '0': CMAKE_PREFIX_PATH=/opt/ros/humble /usr/bin/cmake --build /home/ritvik/rover_ws/src/my_rover/build/my_rover -- -j22 -l22
[14.957s] Invoking command in '/home/ritvik/rover_ws/src/my_rover/build/my_rover': CMAKE_PREFIX_PATH=/opt/ros/humble /usr/bin/cmake --install /home/ritvik/rover_ws/src/my_rover/build/my_rover
[14.966s] -- Install configuration: ""
[14.966s] -- Installing: /home/ritvik/rover_ws/src/my_rover/install/my_rover/lib/my_rover/gps_node
[14.971s] -- Set runtime path of "/home/ritvik/rover_ws/src/my_rover/install/my_rover/lib/my_rover/gps_node" to ""
[14.971s] -- Up-to-date: /home/ritvik/rover_ws/src/my_rover/install/my_rover/share/my_rover//launch
[14.971s] -- Installing: /home/ritvik/rover_ws/src/my_rover/install/my_rover/share/my_rover//launch/robot.launch.py
[14.971s] -- Installing: /home/ritvik/rover_ws/src/my_rover/install/my_rover/share/my_rover//launch/gps.launch.py
[14.971s] -- Up-to-date: /home/ritvik/rover_ws/src/my_rover/install/my_rover/share/my_rover//launch/display.launch.py
[14.971s] -- Up-to-date: /home/ritvik/rover_ws/src/my_rover/install/my_rover/share/my_rover//launch/gazebo.launch.py
[14.971s] -- Up-to-date: /home/ritvik/rover_ws/src/my_rover/install/my_rover/share/my_rover//urdf
[14.972s] -- Up-to-date: /home/ritvik/rover_ws/src/my_rover/install/my_rover/share/my_rover//urdf/gps.xacro
[14.972s] -- Up-to-date: /home/ritvik/rover_ws/src/my_rover/install/my_rover/share/my_rover//urdf/material.xacro
[14.972s] -- Up-to-date: /home/ritvik/rover_ws/src/my_rover/install/my_rover/share/my_rover//urdf/inertial.xacro
[14.972s] -- Up-to-date: /home/ritvik/rover_ws/src/my_rover/install/my_rover/share/my_rover//urdf/cam.xacro
[14.972s] -- Up-to-date: /home/ritvik/rover_ws/src/my_rover/install/my_rover/share/my_rover//urdf/stereo.xacro
[14.972s] -- Up-to-date: /home/ritvik/rover_ws/src/my_rover/install/my_rover/share/my_rover//urdf/lidar.xacro
[14.972s] -- Up-to-date: /home/ritvik/rover_ws/src/my_rover/install/my_rover/share/my_rover//urdf/imu.xacro
[14.972s] -- Up-to-date: /home/ritvik/rover_ws/src/my_rover/install/my_rover/share/my_rover//urdf/robot.urdf.xacro
[14.972s] -- Up-to-date: /home/ritvik/rover_ws/src/my_rover/install/my_rover/share/my_rover//rviz
[14.972s] -- Up-to-date: /home/ritvik/rover_ws/src/my_rover/install/my_rover/share/my_rover//rviz/config.rviz
[14.972s] -- Installing: /home/ritvik/rover_ws/src/my_rover/install/my_rover/share/ament_index/resource_index/package_run_dependencies/my_rover
[14.972s] -- Installing: /home/ritvik/rover_ws/src/my_rover/install/my_rover/share/ament_index/resource_index/parent_prefix_path/my_rover
[14.973s] -- Up-to-date: /home/ritvik/rover_ws/src/my_rover/install/my_rover/share/my_rover/environment/ament_prefix_path.sh
[14.973s] -- Installing: /home/ritvik/rover_ws/src/my_rover/install/my_rover/share/my_rover/environment/ament_prefix_path.dsv
[14.973s] -- Up-to-date: /home/ritvik/rover_ws/src/my_rover/install/my_rover/share/my_rover/environment/path.sh
[14.973s] -- Installing: /home/ritvik/rover_ws/src/my_rover/install/my_rover/share/my_rover/environment/path.dsv
[14.973s] -- Up-to-date: /home/ritvik/rover_ws/src/my_rover/install/my_rover/share/my_rover/local_setup.bash
[14.973s] -- Up-to-date: /home/ritvik/rover_ws/src/my_rover/install/my_rover/share/my_rover/local_setup.sh
[14.973s] -- Up-to-date: /home/ritvik/rover_ws/src/my_rover/install/my_rover/share/my_rover/local_setup.zsh
[14.973s] -- Installing: /home/ritvik/rover_ws/src/my_rover/install/my_rover/share/my_rover/local_setup.dsv
[14.973s] -- Installing: /home/ritvik/rover_ws/src/my_rover/install/my_rover/share/my_rover/package.dsv
[14.973s] -- Up-to-date: /home/ritvik/rover_ws/src/my_rover/install/my_rover/share/ament_index/resource_index/packages/my_rover
[14.973s] -- Up-to-date: /home/ritvik/rover_ws/src/my_rover/install/my_rover/share/my_rover/cmake/my_roverConfig.cmake
[14.973s] -- Up-to-date: /home/ritvik/rover_ws/src/my_rover/install/my_rover/share/my_rover/cmake/my_roverConfig-version.cmake
[14.973s] -- Installing: /home/ritvik/rover_ws/src/my_rover/install/my_rover/share/my_rover/package.xml
[14.976s] Invoked command in '/home/ritvik/rover_ws/src/my_rover/build/my_rover' returned '0': CMAKE_PREFIX_PATH=/opt/ros/humble /usr/bin/cmake --install /home/ritvik/rover_ws/src/my_rover/build/my_rover
