[0.014s] Invoking command in '/home/ritvik/rover_ws/src/my_rover/build/my_rover': CMAKE_PREFIX_PATH=${CMAKE_PREFIX_PATH}:/opt/ros/humble /usr/bin/cmake --build /home/ritvik/rover_ws/src/my_rover/build/my_rover -- -j22 -l22
[0.072s] [35m[1mConsolidate compiler generated dependencies of target gps_node[0m
[0.091s] [100%] Built target gps_node
[0.105s] Invoked command in '/home/ritvik/rover_ws/src/my_rover/build/my_rover' returned '0': CMAKE_PREFIX_PATH=${CMAKE_PREFIX_PATH}:/opt/ros/humble /usr/bin/cmake --build /home/ritvik/rover_ws/src/my_rover/build/my_rover -- -j22 -l22
[0.118s] Invoking command in '/home/ritvik/rover_ws/src/my_rover/build/my_rover': CMAKE_PREFIX_PATH=${CMAKE_PREFIX_PATH}:/opt/ros/humble /usr/bin/cmake --install /home/ritvik/rover_ws/src/my_rover/build/my_rover
[0.125s] -- Install configuration: ""
[0.125s] -- Up-to-date: /home/ritvik/rover_ws/src/my_rover/install/my_rover/lib/my_rover/gps_node
[0.126s] -- Up-to-date: /home/ritvik/rover_ws/src/my_rover/install/my_rover/share/my_rover//launch
[0.126s] -- Up-to-date: /home/ritvik/rover_ws/src/my_rover/install/my_rover/share/my_rover//launch/robot.launch.py
[0.126s] -- Installing: /home/ritvik/rover_ws/src/my_rover/install/my_rover/share/my_rover//launch/gps.launch.py
[0.126s] -- Up-to-date: /home/ritvik/rover_ws/src/my_rover/install/my_rover/share/my_rover//launch/display.launch.py
[0.126s] -- Up-to-date: /home/ritvik/rover_ws/src/my_rover/install/my_rover/share/my_rover//launch/gazebo.launch.py
[0.126s] -- Up-to-date: /home/ritvik/rover_ws/src/my_rover/install/my_rover/share/my_rover//urdf
[0.126s] -- Up-to-date: /home/ritvik/rover_ws/src/my_rover/install/my_rover/share/my_rover//urdf/gps.xacro
[0.126s] -- Up-to-date: /home/ritvik/rover_ws/src/my_rover/install/my_rover/share/my_rover//urdf/material.xacro
[0.126s] -- Up-to-date: /home/ritvik/rover_ws/src/my_rover/install/my_rover/share/my_rover//urdf/inertial.xacro
[0.127s] -- Up-to-date: /home/ritvik/rover_ws/src/my_rover/install/my_rover/share/my_rover//urdf/cam.xacro
[0.127s] -- Up-to-date: /home/ritvik/rover_ws/src/my_rover/install/my_rover/share/my_rover//urdf/stereo.xacro
[0.127s] -- Up-to-date: /home/ritvik/rover_ws/src/my_rover/install/my_rover/share/my_rover//urdf/lidar.xacro
[0.127s] -- Up-to-date: /home/ritvik/rover_ws/src/my_rover/install/my_rover/share/my_rover//urdf/imu.xacro
[0.127s] -- Installing: /home/ritvik/rover_ws/src/my_rover/install/my_rover/share/my_rover//urdf/robot.urdf.xacro
[0.127s] -- Up-to-date: /home/ritvik/rover_ws/src/my_rover/install/my_rover/share/my_rover//rviz
[0.127s] -- Up-to-date: /home/ritvik/rover_ws/src/my_rover/install/my_rover/share/my_rover//rviz/config.rviz
[0.127s] -- Up-to-date: /home/ritvik/rover_ws/src/my_rover/install/my_rover/share/ament_index/resource_index/package_run_dependencies/my_rover
[0.128s] -- Up-to-date: /home/ritvik/rover_ws/src/my_rover/install/my_rover/share/ament_index/resource_index/parent_prefix_path/my_rover
[0.128s] -- Up-to-date: /home/ritvik/rover_ws/src/my_rover/install/my_rover/share/my_rover/environment/ament_prefix_path.sh
[0.128s] -- Up-to-date: /home/ritvik/rover_ws/src/my_rover/install/my_rover/share/my_rover/environment/ament_prefix_path.dsv
[0.128s] -- Up-to-date: /home/ritvik/rover_ws/src/my_rover/install/my_rover/share/my_rover/environment/path.sh
[0.128s] -- Up-to-date: /home/ritvik/rover_ws/src/my_rover/install/my_rover/share/my_rover/environment/path.dsv
[0.128s] -- Up-to-date: /home/ritvik/rover_ws/src/my_rover/install/my_rover/share/my_rover/local_setup.bash
[0.128s] -- Up-to-date: /home/ritvik/rover_ws/src/my_rover/install/my_rover/share/my_rover/local_setup.sh
[0.128s] -- Up-to-date: /home/ritvik/rover_ws/src/my_rover/install/my_rover/share/my_rover/local_setup.zsh
[0.128s] -- Up-to-date: /home/ritvik/rover_ws/src/my_rover/install/my_rover/share/my_rover/local_setup.dsv
[0.129s] -- Installing: /home/ritvik/rover_ws/src/my_rover/install/my_rover/share/my_rover/package.dsv
[0.129s] -- Up-to-date: /home/ritvik/rover_ws/src/my_rover/install/my_rover/share/ament_index/resource_index/packages/my_rover
[0.129s] -- Up-to-date: /home/ritvik/rover_ws/src/my_rover/install/my_rover/share/my_rover/cmake/my_roverConfig.cmake
[0.129s] -- Up-to-date: /home/ritvik/rover_ws/src/my_rover/install/my_rover/share/my_rover/cmake/my_roverConfig-version.cmake
[0.129s] -- Up-to-date: /home/ritvik/rover_ws/src/my_rover/install/my_rover/share/my_rover/package.xml
[0.130s] Invoked command in '/home/ritvik/rover_ws/src/my_rover/build/my_rover' returned '0': CMAKE_PREFIX_PATH=${CMAKE_PREFIX_PATH}:/opt/ros/humble /usr/bin/cmake --install /home/ritvik/rover_ws/src/my_rover/build/my_rover
