[0.014s] Invoking command in '/home/ritvik/rover_ws/build/my_rover': CMAKE_PREFIX_PATH=/opt/ros/humble /usr/bin/cmake --build /home/ritvik/rover_ws/build/my_rover -- -j22 -l22
[0.051s] -- Found ament_cmake: 1.3.11 (/opt/ros/humble/share/ament_cmake/cmake)
[0.205s] -- Found gazebo_ros: 3.7.0 (/opt/ros/humble/share/gazebo_ros/cmake)
[0.235s] -- Found rosidl_generator_c: 3.1.6 (/opt/ros/humble/share/rosidl_generator_c/cmake)
[0.238s] -- Found rosidl_adapter: 3.1.6 (/opt/ros/humble/share/rosidl_adapter/cmake)
[0.244s] -- Found rosidl_generator_cpp: 3.1.6 (/opt/ros/humble/share/rosidl_generator_cpp/cmake)
[0.253s] -- Using all available rosidl_typesupport_c: rosidl_typesupport_fastrtps_c;rosidl_typesupport_introspection_c
[0.264s] -- Using all available rosidl_typesupport_cpp: rosidl_typesupport_fastrtps_cpp;rosidl_typesupport_introspection_cpp
[0.296s] -- Found rmw_implementation_cmake: 6.1.2 (/opt/ros/humble/share/rmw_implementation_cmake/cmake)
[0.297s] -- Found rmw_fastrtps_cpp: 6.2.7 (/opt/ros/humble/share/rmw_fastrtps_cpp/cmake)
[0.403s] -- Using RMW implementation 'rmw_fastrtps_cpp' as default
[0.486s] -- Found DART: /usr/include (Required is at least version "6.6") found components: dart 
[0.519s] -- Found Protobuf: /usr/lib/x86_64-linux-gnu/libprotobuf.so (found version "3.12.4") 
[0.522s] -- Looking for ignition-math6 -- found version 6.15.1
[0.527s] -- Searching for dependencies of ignition-math6
[0.528s] -- Looking for OGRE...
[0.536s] -- Found Ogre Ghadamon (1.9.0)
[0.537s] -- Found OGRE: optimized;/usr/lib/x86_64-linux-gnu/libOgreMain.so;debug;/usr/lib/x86_64-linux-gnu/libOgreMain.so
[0.550s] -- Looking for OGRE_Paging...
[0.550s] -- Found OGRE_Paging: optimized;/usr/lib/x86_64-linux-gnu/libOgrePaging.so;debug;/usr/lib/x86_64-linux-gnu/libOgrePaging.so
[0.550s] -- Looking for OGRE_Terrain...
[0.551s] -- Found OGRE_Terrain: optimized;/usr/lib/x86_64-linux-gnu/libOgreTerrain.so;debug;/usr/lib/x86_64-linux-gnu/libOgreTerrain.so
[0.551s] -- Looking for OGRE_Property...
[0.551s] -- Found OGRE_Property: optimized;/usr/lib/x86_64-linux-gnu/libOgreProperty.so;debug;/usr/lib/x86_64-linux-gnu/libOgreProperty.so
[0.551s] -- Looking for OGRE_RTShaderSystem...
[0.551s] -- Found OGRE_RTShaderSystem: optimized;/usr/lib/x86_64-linux-gnu/libOgreRTShaderSystem.so;debug;/usr/lib/x86_64-linux-gnu/libOgreRTShaderSystem.so
[0.551s] -- Looking for OGRE_Volume...
[0.551s] -- Found OGRE_Volume: optimized;/usr/lib/x86_64-linux-gnu/libOgreVolume.so;debug;/usr/lib/x86_64-linux-gnu/libOgreVolume.so
[0.551s] -- Looking for OGRE_Overlay...
[0.551s] -- Found OGRE_Overlay: optimized;/usr/lib/x86_64-linux-gnu/libOgreOverlay.so;debug;/usr/lib/x86_64-linux-gnu/libOgreOverlay.so
[0.661s] -- Looking for ignition-math6 -- found version 6.15.1
[0.662s] -- Looking for ignition-transport8 -- found version 8.2.1
[0.662s] -- Searching for dependencies of ignition-transport8
[0.681s] -- Found Protobuf: /usr/lib/x86_64-linux-gnu/libprotobuf.so (found suitable version "3.12.4", minimum required is "3") 
[0.694s] -- Config-file not installed for ZeroMQ -- checking for pkg-config
[0.700s] -- Checking for module 'libzmq >= 4'
[0.715s] --   Found libzmq , version 4.3.4
[0.766s] -- Checking for module 'uuid'
[0.781s] --   Found uuid, version 2.37.2
[0.818s] -- Looking for ignition-msgs5 -- found version 5.8.1
[0.819s] -- Searching for dependencies of ignition-msgs5
[0.843s] -- Looking for ignition-math6 -- found version 6.15.1
[0.849s] -- Checking for module 'tinyxml2'
[0.864s] --   Found tinyxml2, version 9.0.0
[0.902s] -- Looking for ignition-msgs5 -- found version 5.8.1
[0.902s] -- Looking for ignition-common3 -- found version 3.14.0
[0.903s] -- Searching for dependencies of ignition-common3
[0.903s] -- Looking for dlfcn.h - found
[0.903s] -- Looking for libdl - found
[0.918s] -- Searching for <ignition-common3> component [graphics]
[0.919s] -- Looking for ignition-common3-graphics -- found version 3.14.0
[0.919s] -- Searching for dependencies of ignition-common3-graphics
[0.920s] -- Looking for ignition-math6 -- found version 6.15.1
[0.921s] -- Looking for ignition-fuel_tools4 -- found version 4.4.0
[0.921s] -- Searching for dependencies of ignition-fuel_tools4
[0.970s] -- Checking for module 'jsoncpp'
[0.985s] --   Found jsoncpp, version 1.9.5
[1.030s] -- Checking for module 'libzip'
[1.046s] --   Found libzip, version 1.7.3
[1.084s] -- Looking for ignition-common3 -- found version 3.14.0
[1.085s] -- Looking for ignition-math6 -- found version 6.15.1
[1.085s] -- Looking for ignition-msgs5 -- found version 5.8.1
[1.087s] -- Gazebo version: 11.10
[1.089s] -- Found robot_state_publisher: 3.0.3 (/opt/ros/humble/share/robot_state_publisher/cmake)
[1.109s] -- Found eigen3_cmake_module: 0.1.1 (/opt/ros/humble/share/eigen3_cmake_module/cmake)
[1.111s] -- Ensuring Eigen3 include directory is part of orocos-kdl CMake target
[1.240s] -- Found nav2_msgs: 1.1.17 (/opt/ros/humble/share/nav2_msgs/cmake)
[1.282s] -- Found xacro: 2.0.8 (/opt/ros/humble/share/xacro/cmake)
[1.284s] -- Found ament_lint_auto: 0.12.11 (/opt/ros/humble/share/ament_lint_auto/cmake)
[1.366s] -- Added test 'cppcheck' to perform static code analysis on C / C++ code
[1.366s] -- Configured cppcheck include dirs: 
[1.366s] -- Configured cppcheck exclude dirs and/or files: 
[1.367s] -- Added test 'flake8' to check Python code syntax and style conventions
[1.370s] -- Added test 'lint_cmake' to check CMake code style
[1.371s] -- Added test 'pep257' to check Python code against some of the docstring style conventions in PEP 257
[1.379s] -- Added test 'uncrustify' to check C / C++ code style
[1.379s] -- Configured uncrustify additional arguments: 
[1.381s] -- Added test 'xmllint' to check XML markup files
[1.382s] -- Configuring done
[1.397s] -- Generating done
[1.403s] -- Build files have been written to: /home/ritvik/rover_ws/build/my_rover
[1.461s] [ 50%] [32mBuilding CXX object CMakeFiles/gps_node.dir/src/gps_nav.cpp.o[0m
[14.412s] [100%] [32m[1mLinking CXX executable gps_node[0m
[14.969s] [100%] Built target gps_node
[14.983s] Invoked command in '/home/ritvik/rover_ws/build/my_rover' returned '0': CMAKE_PREFIX_PATH=/opt/ros/humble /usr/bin/cmake --build /home/ritvik/rover_ws/build/my_rover -- -j22 -l22
[14.996s] Invoking command in '/home/ritvik/rover_ws/build/my_rover': CMAKE_PREFIX_PATH=/opt/ros/humble /usr/bin/cmake --install /home/ritvik/rover_ws/build/my_rover
[15.007s] -- Install configuration: ""
[15.007s] -- Installing: /home/ritvik/rover_ws/install/my_rover/lib/my_rover/gps_node
[15.012s] -- Set runtime path of "/home/ritvik/rover_ws/install/my_rover/lib/my_rover/gps_node" to ""
[15.012s] -- Up-to-date: /home/ritvik/rover_ws/install/my_rover/share/my_rover//launch
[15.012s] -- Installing: /home/ritvik/rover_ws/install/my_rover/share/my_rover//launch/robot.launch.py
[15.012s] -- Installing: /home/ritvik/rover_ws/install/my_rover/share/my_rover//launch/gps.launch.py
[15.012s] -- Up-to-date: /home/ritvik/rover_ws/install/my_rover/share/my_rover//launch/display.launch.py
[15.013s] -- Up-to-date: /home/ritvik/rover_ws/install/my_rover/share/my_rover//launch/gazebo.launch.py
[15.013s] -- Up-to-date: /home/ritvik/rover_ws/install/my_rover/share/my_rover//urdf
[15.013s] -- Up-to-date: /home/ritvik/rover_ws/install/my_rover/share/my_rover//urdf/gps.xacro
[15.013s] -- Up-to-date: /home/ritvik/rover_ws/install/my_rover/share/my_rover//urdf/material.xacro
[15.013s] -- Up-to-date: /home/ritvik/rover_ws/install/my_rover/share/my_rover//urdf/inertial.xacro
[15.013s] -- Up-to-date: /home/ritvik/rover_ws/install/my_rover/share/my_rover//urdf/cam.xacro
[15.013s] -- Up-to-date: /home/ritvik/rover_ws/install/my_rover/share/my_rover//urdf/stereo.xacro
[15.013s] -- Up-to-date: /home/ritvik/rover_ws/install/my_rover/share/my_rover//urdf/lidar.xacro
[15.013s] -- Up-to-date: /home/ritvik/rover_ws/install/my_rover/share/my_rover//urdf/imu.xacro
[15.013s] -- Up-to-date: /home/ritvik/rover_ws/install/my_rover/share/my_rover//urdf/robot.urdf.xacro
[15.013s] -- Up-to-date: /home/ritvik/rover_ws/install/my_rover/share/my_rover//rviz
[15.013s] -- Up-to-date: /home/ritvik/rover_ws/install/my_rover/share/my_rover//rviz/config.rviz
[15.013s] -- Installing: /home/ritvik/rover_ws/install/my_rover/share/ament_index/resource_index/package_run_dependencies/my_rover
[15.013s] -- Installing: /home/ritvik/rover_ws/install/my_rover/share/ament_index/resource_index/parent_prefix_path/my_rover
[15.014s] -- Up-to-date: /home/ritvik/rover_ws/install/my_rover/share/my_rover/environment/ament_prefix_path.sh
[15.014s] -- Installing: /home/ritvik/rover_ws/install/my_rover/share/my_rover/environment/ament_prefix_path.dsv
[15.014s] -- Up-to-date: /home/ritvik/rover_ws/install/my_rover/share/my_rover/environment/path.sh
[15.014s] -- Installing: /home/ritvik/rover_ws/install/my_rover/share/my_rover/environment/path.dsv
[15.014s] -- Up-to-date: /home/ritvik/rover_ws/install/my_rover/share/my_rover/local_setup.bash
[15.014s] -- Up-to-date: /home/ritvik/rover_ws/install/my_rover/share/my_rover/local_setup.sh
[15.014s] -- Up-to-date: /home/ritvik/rover_ws/install/my_rover/share/my_rover/local_setup.zsh
[15.014s] -- Installing: /home/ritvik/rover_ws/install/my_rover/share/my_rover/local_setup.dsv
[15.014s] -- Installing: /home/ritvik/rover_ws/install/my_rover/share/my_rover/package.dsv
[15.014s] -- Up-to-date: /home/ritvik/rover_ws/install/my_rover/share/ament_index/resource_index/packages/my_rover
[15.014s] -- Up-to-date: /home/ritvik/rover_ws/install/my_rover/share/my_rover/cmake/my_roverConfig.cmake
[15.014s] -- Up-to-date: /home/ritvik/rover_ws/install/my_rover/share/my_rover/cmake/my_roverConfig-version.cmake
[15.014s] -- Installing: /home/ritvik/rover_ws/install/my_rover/share/my_rover/package.xml
[15.016s] Invoked command in '/home/ritvik/rover_ws/build/my_rover' returned '0': CMAKE_PREFIX_PATH=/opt/ros/humble /usr/bin/cmake --install /home/ritvik/rover_ws/build/my_rover
