[0.014s] Invoking command in '/home/ritvik/MRM_Ritvik/build/my_rover': CMAKE_PREFIX_PATH=/opt/ros/humble /usr/bin/cmake /home/ritvik/MRM_Ritvik/src/my_rover -DCMAKE_INSTALL_PREFIX=/home/ritvik/MRM_Ritvik/install/my_rover
[0.029s] -- Found ament_cmake: 1.3.11 (/opt/ros/humble/share/ament_cmake/cmake)
[0.163s] -- Override CMake install command with custom implementation using symlinks instead of copying resources
[0.172s] -- Found gazebo_ros: 3.7.0 (/opt/ros/humble/share/gazebo_ros/cmake)
[0.211s] -- Found rosidl_generator_c: 3.1.6 (/opt/ros/humble/share/rosidl_generator_c/cmake)
[0.214s] -- Found rosidl_adapter: 3.1.6 (/opt/ros/humble/share/rosidl_adapter/cmake)
[0.221s] -- Found rosidl_generator_cpp: 3.1.6 (/opt/ros/humble/share/rosidl_generator_cpp/cmake)
[0.233s] -- Using all available rosidl_typesupport_c: rosidl_typesupport_fastrtps_c;rosidl_typesupport_introspection_c
[0.248s] -- Using all available rosidl_typesupport_cpp: rosidl_typesupport_fastrtps_cpp;rosidl_typesupport_introspection_cpp
[0.279s] -- Found rmw_implementation_cmake: 6.1.2 (/opt/ros/humble/share/rmw_implementation_cmake/cmake)
[0.281s] -- Found rmw_fastrtps_cpp: 6.2.7 (/opt/ros/humble/share/rmw_fastrtps_cpp/cmake)
[0.397s] -- Using RMW implementation 'rmw_fastrtps_cpp' as default
[0.482s] -- Found DART: /usr/include (Required is at least version "6.6") found components: dart 
[0.510s] -- Found Protobuf: /usr/lib/x86_64-linux-gnu/libprotobuf.so (found version "3.12.4") 
[0.513s] -- Looking for ignition-math6 -- found version 6.15.1
[0.519s] -- Searching for dependencies of ignition-math6
[0.520s] -- Looking for OGRE...
[0.527s] -- Found Ogre Ghadamon (1.9.0)
[0.528s] -- Found OGRE: optimized;/usr/lib/x86_64-linux-gnu/libOgreMain.so;debug;/usr/lib/x86_64-linux-gnu/libOgreMain.so
[0.538s] -- Looking for OGRE_Paging...
[0.539s] -- Found OGRE_Paging: optimized;/usr/lib/x86_64-linux-gnu/libOgrePaging.so;debug;/usr/lib/x86_64-linux-gnu/libOgrePaging.so
[0.539s] -- Looking for OGRE_Terrain...
[0.539s] -- Found OGRE_Terrain: optimized;/usr/lib/x86_64-linux-gnu/libOgreTerrain.so;debug;/usr/lib/x86_64-linux-gnu/libOgreTerrain.so
[0.539s] -- Looking for OGRE_Property...
[0.539s] -- Found OGRE_Property: optimized;/usr/lib/x86_64-linux-gnu/libOgreProperty.so;debug;/usr/lib/x86_64-linux-gnu/libOgreProperty.so
[0.539s] -- Looking for OGRE_RTShaderSystem...
[0.539s] -- Found OGRE_RTShaderSystem: optimized;/usr/lib/x86_64-linux-gnu/libOgreRTShaderSystem.so;debug;/usr/lib/x86_64-linux-gnu/libOgreRTShaderSystem.so
[0.539s] -- Looking for OGRE_Volume...
[0.539s] -- Found OGRE_Volume: optimized;/usr/lib/x86_64-linux-gnu/libOgreVolume.so;debug;/usr/lib/x86_64-linux-gnu/libOgreVolume.so
[0.540s] -- Looking for OGRE_Overlay...
[0.540s] -- Found OGRE_Overlay: optimized;/usr/lib/x86_64-linux-gnu/libOgreOverlay.so;debug;/usr/lib/x86_64-linux-gnu/libOgreOverlay.so
[0.644s] -- Looking for ignition-math6 -- found version 6.15.1
[0.645s] -- Looking for ignition-transport8 -- found version 8.2.1
[0.645s] -- Searching for dependencies of ignition-transport8
[0.665s] -- Found Protobuf: /usr/lib/x86_64-linux-gnu/libprotobuf.so (found suitable version "3.12.4", minimum required is "3") 
[0.678s] -- Config-file not installed for ZeroMQ -- checking for pkg-config
[0.684s] -- Checking for module 'libzmq >= 4'
[0.701s] --   Found libzmq , version 4.3.4
[0.753s] -- Checking for module 'uuid'
[0.767s] --   Found uuid, version 2.37.2
[0.807s] -- Looking for ignition-msgs5 -- found version 5.8.1
[0.808s] -- Searching for dependencies of ignition-msgs5
[0.834s] -- Looking for ignition-math6 -- found version 6.15.1
[0.842s] -- Checking for module 'tinyxml2'
[0.859s] --   Found tinyxml2, version 9.0.0
[0.900s] -- Looking for ignition-msgs5 -- found version 5.8.1
[0.900s] -- Looking for ignition-common3 -- found version 3.14.0
[0.901s] -- Searching for dependencies of ignition-common3
[0.901s] -- Looking for dlfcn.h - found
[0.901s] -- Looking for libdl - found
[0.917s] -- Searching for <ignition-common3> component [graphics]
[0.917s] -- Looking for ignition-common3-graphics -- found version 3.14.0
[0.918s] -- Searching for dependencies of ignition-common3-graphics
[0.919s] -- Looking for ignition-math6 -- found version 6.15.1
[0.920s] -- Looking for ignition-fuel_tools4 -- found version 4.4.0
[0.920s] -- Searching for dependencies of ignition-fuel_tools4
[0.969s] -- Checking for module 'jsoncpp'
[0.985s] --   Found jsoncpp, version 1.9.5
[1.031s] -- Checking for module 'libzip'
[1.046s] --   Found libzip, version 1.7.3
[1.085s] -- Looking for ignition-common3 -- found version 3.14.0
[1.086s] -- Looking for ignition-math6 -- found version 6.15.1
[1.086s] -- Looking for ignition-msgs5 -- found version 5.8.1
[1.088s] -- Gazebo version: 11.10
[1.090s] -- Found robot_state_publisher: 3.0.3 (/opt/ros/humble/share/robot_state_publisher/cmake)
[1.110s] -- Found eigen3_cmake_module: 0.1.1 (/opt/ros/humble/share/eigen3_cmake_module/cmake)
[1.112s] -- Ensuring Eigen3 include directory is part of orocos-kdl CMake target
[1.241s] -- Found nav2_msgs: 1.1.17 (/opt/ros/humble/share/nav2_msgs/cmake)
[1.282s] -- Found tf2_geometry_msgs: 0.25.11 (/opt/ros/humble/share/tf2_geometry_msgs/cmake)
[1.285s] -- Found xacro: 2.0.8 (/opt/ros/humble/share/xacro/cmake)
[1.288s] -- Found ament_lint_auto: 0.12.11 (/opt/ros/humble/share/ament_lint_auto/cmake)
[1.374s] -- Added test 'cppcheck' to perform static code analysis on C / C++ code
[1.374s] -- Configured cppcheck include dirs: 
[1.374s] -- Configured cppcheck exclude dirs and/or files: 
[1.375s] -- Added test 'flake8' to check Python code syntax and style conventions
[1.377s] -- Added test 'lint_cmake' to check CMake code style
[1.378s] -- Added test 'pep257' to check Python code against some of the docstring style conventions in PEP 257
[1.384s] -- Added test 'uncrustify' to check C / C++ code style
[1.384s] -- Configured uncrustify additional arguments: 
[1.385s] -- Added test 'xmllint' to check XML markup files
[1.386s] -- Configuring done
[1.400s] -- Generating done
[1.405s] -- Build files have been written to: /home/ritvik/MRM_Ritvik/build/my_rover
[1.422s] Invoked command in '/home/ritvik/MRM_Ritvik/build/my_rover' returned '0': CMAKE_PREFIX_PATH=/opt/ros/humble /usr/bin/cmake /home/ritvik/MRM_Ritvik/src/my_rover -DCMAKE_INSTALL_PREFIX=/home/ritvik/MRM_Ritvik/install/my_rover
[1.424s] Invoking command in '/home/ritvik/MRM_Ritvik/build/my_rover': CMAKE_PREFIX_PATH=/opt/ros/humble /usr/bin/cmake --build /home/ritvik/MRM_Ritvik/build/my_rover -- -j22 -l22
[1.484s] [35m[1mConsolidate compiler generated dependencies of target gps_node[0m
[1.505s] [100%] Built target gps_node
[1.519s] Invoked command in '/home/ritvik/MRM_Ritvik/build/my_rover' returned '0': CMAKE_PREFIX_PATH=/opt/ros/humble /usr/bin/cmake --build /home/ritvik/MRM_Ritvik/build/my_rover -- -j22 -l22
[1.532s] Invoking command in '/home/ritvik/MRM_Ritvik/build/my_rover': CMAKE_PREFIX_PATH=/opt/ros/humble /usr/bin/cmake --install /home/ritvik/MRM_Ritvik/build/my_rover
[1.541s] -- Install configuration: ""
[1.542s] -- Execute custom install script
[1.542s] -- Up-to-date symlink: /home/ritvik/MRM_Ritvik/install/my_rover/lib/my_rover/gps_node
[1.543s] -- Up-to-date symlink: /home/ritvik/MRM_Ritvik/install/my_rover/share/my_rover//launch/display.launch.py
[1.543s] -- Up-to-date symlink: /home/ritvik/MRM_Ritvik/install/my_rover/share/my_rover//launch/gazebo.launch.py
[1.543s] -- Up-to-date symlink: /home/ritvik/MRM_Ritvik/install/my_rover/share/my_rover//launch/gps.launch.py
[1.543s] -- Up-to-date symlink: /home/ritvik/MRM_Ritvik/install/my_rover/share/my_rover//launch/robot.launch.py
[1.543s] -- Up-to-date symlink: /home/ritvik/MRM_Ritvik/install/my_rover/share/my_rover//urdf/cam.xacro
[1.543s] -- Up-to-date symlink: /home/ritvik/MRM_Ritvik/install/my_rover/share/my_rover//urdf/gps.xacro
[1.544s] -- Up-to-date symlink: /home/ritvik/MRM_Ritvik/install/my_rover/share/my_rover//urdf/imu.xacro
[1.544s] -- Up-to-date symlink: /home/ritvik/MRM_Ritvik/install/my_rover/share/my_rover//urdf/inertial.xacro
[1.544s] -- Up-to-date symlink: /home/ritvik/MRM_Ritvik/install/my_rover/share/my_rover//urdf/lidar.xacro
[1.544s] -- Up-to-date symlink: /home/ritvik/MRM_Ritvik/install/my_rover/share/my_rover//urdf/material.xacro
[1.544s] -- Up-to-date symlink: /home/ritvik/MRM_Ritvik/install/my_rover/share/my_rover//urdf/robot.urdf.xacro
[1.544s] -- Up-to-date symlink: /home/ritvik/MRM_Ritvik/install/my_rover/share/my_rover//urdf/stereo.xacro
[1.544s] -- Up-to-date symlink: /home/ritvik/MRM_Ritvik/install/my_rover/share/my_rover//rviz/config.rviz
[1.544s] -- Up-to-date symlink: /home/ritvik/MRM_Ritvik/install/my_rover/share/ament_index/resource_index/package_run_dependencies/my_rover
[1.544s] -- Up-to-date symlink: /home/ritvik/MRM_Ritvik/install/my_rover/share/ament_index/resource_index/parent_prefix_path/my_rover
[1.545s] -- Up-to-date symlink: /home/ritvik/MRM_Ritvik/install/my_rover/share/my_rover/environment/ament_prefix_path.sh
[1.545s] -- Up-to-date symlink: /home/ritvik/MRM_Ritvik/install/my_rover/share/my_rover/environment/ament_prefix_path.dsv
[1.545s] -- Up-to-date symlink: /home/ritvik/MRM_Ritvik/install/my_rover/share/my_rover/environment/path.sh
[1.545s] -- Up-to-date symlink: /home/ritvik/MRM_Ritvik/install/my_rover/share/my_rover/environment/path.dsv
[1.545s] -- Up-to-date symlink: /home/ritvik/MRM_Ritvik/install/my_rover/share/my_rover/local_setup.bash
[1.545s] -- Up-to-date symlink: /home/ritvik/MRM_Ritvik/install/my_rover/share/my_rover/local_setup.sh
[1.545s] -- Up-to-date symlink: /home/ritvik/MRM_Ritvik/install/my_rover/share/my_rover/local_setup.zsh
[1.545s] -- Up-to-date symlink: /home/ritvik/MRM_Ritvik/install/my_rover/share/my_rover/local_setup.dsv
[1.546s] -- Symlinking: /home/ritvik/MRM_Ritvik/install/my_rover/share/my_rover/package.dsv
[1.557s] -- Up-to-date symlink: /home/ritvik/MRM_Ritvik/install/my_rover/share/ament_index/resource_index/packages/my_rover
[1.557s] -- Up-to-date symlink: /home/ritvik/MRM_Ritvik/install/my_rover/share/my_rover/cmake/my_roverConfig.cmake
[1.557s] -- Up-to-date symlink: /home/ritvik/MRM_Ritvik/install/my_rover/share/my_rover/cmake/my_roverConfig-version.cmake
[1.557s] -- Up-to-date symlink: /home/ritvik/MRM_Ritvik/install/my_rover/share/my_rover/package.xml
[1.560s] Invoked command in '/home/ritvik/MRM_Ritvik/build/my_rover' returned '0': CMAKE_PREFIX_PATH=/opt/ros/humble /usr/bin/cmake --install /home/ritvik/MRM_Ritvik/build/my_rover
