[0.009s] Invoking command in '/home/ritvik/rover_ws/build/my_rover': CMAKE_PREFIX_PATH=${CMAKE_PREFIX_PATH}:/opt/ros/humble /usr/bin/cmake --build /home/ritvik/rover_ws/build/my_rover -- -j22 -l22
[0.044s] [35m[1mConsolidate compiler generated dependencies of target gps_node[0m
[0.056s] [ 50%] [32mBuilding CXX object CMakeFiles/gps_node.dir/src/navigation.cpp.o[0m
[6.584s] [100%] [32m[1mLinking CXX executable gps_node[0m
[6.917s] [100%] Built target gps_node
[6.928s] Invoked command in '/home/ritvik/rover_ws/build/my_rover' returned '0': CMAKE_PREFIX_PATH=${CMAKE_PREFIX_PATH}:/opt/ros/humble /usr/bin/cmake --build /home/ritvik/rover_ws/build/my_rover -- -j22 -l22
[6.938s] Invoking command in '/home/ritvik/rover_ws/build/my_rover': CMAKE_PREFIX_PATH=${CMAKE_PREFIX_PATH}:/opt/ros/humble /usr/bin/cmake --install /home/ritvik/rover_ws/build/my_rover
[6.944s] -- Install configuration: ""
[6.945s] -- Installing: /home/ritvik/rover_ws/install/my_rover/lib/my_rover/gps_node
[6.948s] -- Set runtime path of "/home/ritvik/rover_ws/install/my_rover/lib/my_rover/gps_node" to ""
[6.948s] -- Up-to-date: /home/ritvik/rover_ws/install/my_rover/share/my_rover//launch
[6.949s] -- Up-to-date: /home/ritvik/rover_ws/install/my_rover/share/my_rover//launch/robot.launch.py
[6.949s] -- Up-to-date: /home/ritvik/rover_ws/install/my_rover/share/my_rover//launch/display.launch.py
[6.949s] -- Up-to-date: /home/ritvik/rover_ws/install/my_rover/share/my_rover//launch/gazebo.launch.py
[6.949s] -- Up-to-date: /home/ritvik/rover_ws/install/my_rover/share/my_rover//urdf
[6.949s] -- Up-to-date: /home/ritvik/rover_ws/install/my_rover/share/my_rover//urdf/gps.xacro
[6.949s] -- Up-to-date: /home/ritvik/rover_ws/install/my_rover/share/my_rover//urdf/material.xacro
[6.949s] -- Up-to-date: /home/ritvik/rover_ws/install/my_rover/share/my_rover//urdf/inertial.xacro
[6.949s] -- Up-to-date: /home/ritvik/rover_ws/install/my_rover/share/my_rover//urdf/cam.xacro
[6.949s] -- Up-to-date: /home/ritvik/rover_ws/install/my_rover/share/my_rover//urdf/stereo.xacro
[6.949s] -- Up-to-date: /home/ritvik/rover_ws/install/my_rover/share/my_rover//urdf/lidar.xacro
[6.949s] -- Up-to-date: /home/ritvik/rover_ws/install/my_rover/share/my_rover//urdf/imu.xacro
[6.949s] -- Up-to-date: /home/ritvik/rover_ws/install/my_rover/share/my_rover//urdf/robot.urdf.xacro
[6.949s] -- Up-to-date: /home/ritvik/rover_ws/install/my_rover/share/my_rover//rviz
[6.949s] -- Up-to-date: /home/ritvik/rover_ws/install/my_rover/share/my_rover//rviz/config.rviz
[6.949s] -- Up-to-date: /home/ritvik/rover_ws/install/my_rover/share/ament_index/resource_index/package_run_dependencies/my_rover
[6.950s] -- Up-to-date: /home/ritvik/rover_ws/install/my_rover/share/ament_index/resource_index/parent_prefix_path/my_rover
[6.950s] -- Up-to-date: /home/ritvik/rover_ws/install/my_rover/share/my_rover/environment/ament_prefix_path.sh
[6.950s] -- Up-to-date: /home/ritvik/rover_ws/install/my_rover/share/my_rover/environment/ament_prefix_path.dsv
[6.950s] -- Up-to-date: /home/ritvik/rover_ws/install/my_rover/share/my_rover/environment/path.sh
[6.950s] -- Up-to-date: /home/ritvik/rover_ws/install/my_rover/share/my_rover/environment/path.dsv
[6.950s] -- Up-to-date: /home/ritvik/rover_ws/install/my_rover/share/my_rover/local_setup.bash
[6.950s] -- Up-to-date: /home/ritvik/rover_ws/install/my_rover/share/my_rover/local_setup.sh
[6.950s] -- Up-to-date: /home/ritvik/rover_ws/install/my_rover/share/my_rover/local_setup.zsh
[6.950s] -- Up-to-date: /home/ritvik/rover_ws/install/my_rover/share/my_rover/local_setup.dsv
[6.950s] -- Installing: /home/ritvik/rover_ws/install/my_rover/share/my_rover/package.dsv
[6.950s] -- Up-to-date: /home/ritvik/rover_ws/install/my_rover/share/ament_index/resource_index/packages/my_rover
[6.950s] -- Up-to-date: /home/ritvik/rover_ws/install/my_rover/share/my_rover/cmake/my_roverConfig.cmake
[6.950s] -- Up-to-date: /home/ritvik/rover_ws/install/my_rover/share/my_rover/cmake/my_roverConfig-version.cmake
[6.950s] -- Up-to-date: /home/ritvik/rover_ws/install/my_rover/share/my_rover/package.xml
[6.951s] Invoked command in '/home/ritvik/rover_ws/build/my_rover' returned '0': CMAKE_PREFIX_PATH=${CMAKE_PREFIX_PATH}:/opt/ros/humble /usr/bin/cmake --install /home/ritvik/rover_ws/build/my_rover
