[0.133s] DEBUG:colcon:Command line arguments: ['/usr/bin/colcon', 'build']
[0.133s] DEBUG:colcon:Parsed command line arguments: Namespace(log_base=None, log_level=None, verb_name='build', build_base='build', install_base='install', merge_install=False, symlink_install=False, test_result_base=None, continue_on_error=False, executor='parallel', parallel_workers=22, event_handlers=None, ignore_user_meta=False, metas=['./colcon.meta'], base_paths=['.'], packages_ignore=None, packages_ignore_regex=None, paths=None, packages_up_to=None, packages_up_to_regex=None, packages_above=None, packages_above_and_dependencies=None, packages_above_depth=None, packages_select_by_dep=None, packages_skip_by_dep=None, packages_skip_up_to=None, packages_select_build_failed=False, packages_skip_build_finished=False, packages_select_test_failures=False, packages_skip_test_passed=False, packages_select=None, packages_skip=None, packages_select_regex=None, packages_skip_regex=None, packages_start=None, packages_end=None, allow_overriding=[], cmake_args=None, cmake_target=None, cmake_target_skip_unavailable=False, cmake_clean_cache=False, cmake_clean_first=False, cmake_force_configure=False, ament_cmake_args=None, catkin_cmake_args=None, catkin_skip_building_tests=False, verb_parser=<colcon_defaults.argument_parser.defaults.DefaultArgumentsDecorator object at 0x7e3745c2e650>, verb_extension=<colcon_core.verb.build.BuildVerb object at 0x7e3745da2c20>, main=<bound method BuildVerb.main of <colcon_core.verb.build.BuildVerb object at 0x7e3745da2c20>>)
[0.357s] Level 1:colcon.colcon_core.package_discovery:discover_packages(colcon_meta) check parameters
[0.357s] Level 1:colcon.colcon_core.package_discovery:discover_packages(recursive) check parameters
[0.357s] Level 1:colcon.colcon_core.package_discovery:discover_packages(ignore) check parameters
[0.357s] Level 1:colcon.colcon_core.package_discovery:discover_packages(path) check parameters
[0.357s] Level 1:colcon.colcon_core.package_discovery:discover_packages(colcon_meta) discover
[0.357s] Level 1:colcon.colcon_core.package_discovery:discover_packages(recursive) discover
[0.357s] INFO:colcon.colcon_core.package_discovery:Crawling recursively for packages in '/home/ritvik/rover_ws'
[0.357s] Level 1:colcon.colcon_core.package_identification:_identify(.) by extensions ['ignore', 'ignore_ament_install']
[0.357s] Level 1:colcon.colcon_core.package_identification:_identify(.) by extension 'ignore'
[0.357s] Level 1:colcon.colcon_core.package_identification:_identify(.) by extension 'ignore_ament_install'
[0.357s] Level 1:colcon.colcon_core.package_identification:_identify(.) by extensions ['colcon_pkg']
[0.357s] Level 1:colcon.colcon_core.package_identification:_identify(.) by extension 'colcon_pkg'
[0.357s] Level 1:colcon.colcon_core.package_identification:_identify(.) by extensions ['colcon_meta']
[0.357s] Level 1:colcon.colcon_core.package_identification:_identify(.) by extension 'colcon_meta'
[0.357s] Level 1:colcon.colcon_core.package_identification:_identify(.) by extensions ['ros']
[0.357s] Level 1:colcon.colcon_core.package_identification:_identify(.) by extension 'ros'
[0.370s] Level 1:colcon.colcon_core.package_identification:_identify(.) by extensions ['cmake', 'python']
[0.370s] Level 1:colcon.colcon_core.package_identification:_identify(.) by extension 'cmake'
[0.370s] Level 1:colcon.colcon_core.package_identification:_identify(.) by extension 'python'
[0.370s] Level 1:colcon.colcon_core.package_identification:_identify(.) by extensions ['python_setup_py']
[0.370s] Level 1:colcon.colcon_core.package_identification:_identify(.) by extension 'python_setup_py'
[0.370s] Level 1:colcon.colcon_core.package_identification:_identify(build) by extensions ['ignore', 'ignore_ament_install']
[0.370s] Level 1:colcon.colcon_core.package_identification:_identify(build) by extension 'ignore'
[0.370s] Level 1:colcon.colcon_core.package_identification:_identify(build) ignored
[0.371s] Level 1:colcon.colcon_core.package_identification:_identify(install) by extensions ['ignore', 'ignore_ament_install']
[0.371s] Level 1:colcon.colcon_core.package_identification:_identify(install) by extension 'ignore'
[0.371s] Level 1:colcon.colcon_core.package_identification:_identify(install) ignored
[0.371s] Level 1:colcon.colcon_core.package_identification:_identify(log) by extensions ['ignore', 'ignore_ament_install']
[0.371s] Level 1:colcon.colcon_core.package_identification:_identify(log) by extension 'ignore'
[0.371s] Level 1:colcon.colcon_core.package_identification:_identify(log) ignored
[0.371s] Level 1:colcon.colcon_core.package_identification:_identify(src) by extensions ['ignore', 'ignore_ament_install']
[0.371s] Level 1:colcon.colcon_core.package_identification:_identify(src) by extension 'ignore'
[0.371s] Level 1:colcon.colcon_core.package_identification:_identify(src) by extension 'ignore_ament_install'
[0.371s] Level 1:colcon.colcon_core.package_identification:_identify(src) by extensions ['colcon_pkg']
[0.371s] Level 1:colcon.colcon_core.package_identification:_identify(src) by extension 'colcon_pkg'
[0.371s] Level 1:colcon.colcon_core.package_identification:_identify(src) by extensions ['colcon_meta']
[0.371s] Level 1:colcon.colcon_core.package_identification:_identify(src) by extension 'colcon_meta'
[0.371s] Level 1:colcon.colcon_core.package_identification:_identify(src) by extensions ['ros']
[0.371s] Level 1:colcon.colcon_core.package_identification:_identify(src) by extension 'ros'
[0.371s] Level 1:colcon.colcon_core.package_identification:_identify(src) by extensions ['cmake', 'python']
[0.371s] Level 1:colcon.colcon_core.package_identification:_identify(src) by extension 'cmake'
[0.371s] Level 1:colcon.colcon_core.package_identification:_identify(src) by extension 'python'
[0.371s] Level 1:colcon.colcon_core.package_identification:_identify(src) by extensions ['python_setup_py']
[0.371s] Level 1:colcon.colcon_core.package_identification:_identify(src) by extension 'python_setup_py'
[0.372s] Level 1:colcon.colcon_core.package_identification:_identify(src/my_rover) by extensions ['ignore', 'ignore_ament_install']
[0.372s] Level 1:colcon.colcon_core.package_identification:_identify(src/my_rover) by extension 'ignore'
[0.372s] Level 1:colcon.colcon_core.package_identification:_identify(src/my_rover) by extension 'ignore_ament_install'
[0.372s] Level 1:colcon.colcon_core.package_identification:_identify(src/my_rover) by extensions ['colcon_pkg']
[0.372s] Level 1:colcon.colcon_core.package_identification:_identify(src/my_rover) by extension 'colcon_pkg'
[0.372s] Level 1:colcon.colcon_core.package_identification:_identify(src/my_rover) by extensions ['colcon_meta']
[0.372s] Level 1:colcon.colcon_core.package_identification:_identify(src/my_rover) by extension 'colcon_meta'
[0.372s] Level 1:colcon.colcon_core.package_identification:_identify(src/my_rover) by extensions ['ros']
[0.372s] Level 1:colcon.colcon_core.package_identification:_identify(src/my_rover) by extension 'ros'
[0.375s] DEBUG:colcon.colcon_core.package_identification:Package 'src/my_rover' with type 'ros.ament_cmake' and name 'my_rover'
[0.375s] Level 1:colcon.colcon_core.package_discovery:discover_packages(recursive) using defaults
[0.375s] Level 1:colcon.colcon_core.package_discovery:discover_packages(ignore) discover
[0.375s] Level 1:colcon.colcon_core.package_discovery:discover_packages(ignore) using defaults
[0.375s] Level 1:colcon.colcon_core.package_discovery:discover_packages(path) discover
[0.376s] Level 1:colcon.colcon_core.package_discovery:discover_packages(path) using defaults
[0.401s] Level 1:colcon.colcon_core.package_discovery:discover_packages(prefix_path) check parameters
[0.401s] Level 1:colcon.colcon_core.package_discovery:discover_packages(prefix_path) discover
[0.404s] DEBUG:colcon.colcon_installed_package_information.package_discovery:Found 1 installed packages in /home/ritvik/rover_ws/install
[0.405s] DEBUG:colcon.colcon_installed_package_information.package_discovery:Found 320 installed packages in /opt/ros/humble
[0.416s] Level 1:colcon.colcon_core.package_discovery:discover_packages(prefix_path) using defaults
[0.456s] Level 5:colcon.colcon_core.verb:set package 'my_rover' build argument 'cmake_args' from command line to 'None'
[0.456s] Level 5:colcon.colcon_core.verb:set package 'my_rover' build argument 'cmake_target' from command line to 'None'
[0.456s] Level 5:colcon.colcon_core.verb:set package 'my_rover' build argument 'cmake_target_skip_unavailable' from command line to 'False'
[0.456s] Level 5:colcon.colcon_core.verb:set package 'my_rover' build argument 'cmake_clean_cache' from command line to 'False'
[0.456s] Level 5:colcon.colcon_core.verb:set package 'my_rover' build argument 'cmake_clean_first' from command line to 'False'
[0.456s] Level 5:colcon.colcon_core.verb:set package 'my_rover' build argument 'cmake_force_configure' from command line to 'False'
[0.456s] Level 5:colcon.colcon_core.verb:set package 'my_rover' build argument 'ament_cmake_args' from command line to 'None'
[0.456s] Level 5:colcon.colcon_core.verb:set package 'my_rover' build argument 'catkin_cmake_args' from command line to 'None'
[0.456s] Level 5:colcon.colcon_core.verb:set package 'my_rover' build argument 'catkin_skip_building_tests' from command line to 'False'
[0.456s] DEBUG:colcon.colcon_core.verb:Building package 'my_rover' with the following arguments: {'ament_cmake_args': None, 'build_base': '/home/ritvik/rover_ws/build/my_rover', 'catkin_cmake_args': None, 'catkin_skip_building_tests': False, 'cmake_args': None, 'cmake_clean_cache': False, 'cmake_clean_first': False, 'cmake_force_configure': False, 'cmake_target': None, 'cmake_target_skip_unavailable': False, 'install_base': '/home/ritvik/rover_ws/install/my_rover', 'merge_install': False, 'path': '/home/ritvik/rover_ws/src/my_rover', 'symlink_install': False, 'test_result_base': None}
[0.456s] INFO:colcon.colcon_core.executor:Executing jobs using 'parallel' executor
[0.458s] DEBUG:colcon.colcon_parallel_executor.executor.parallel:run_until_complete
[0.458s] INFO:colcon.colcon_ros.task.ament_cmake.build:Building ROS package in '/home/ritvik/rover_ws/src/my_rover' with build type 'ament_cmake'
[0.458s] INFO:colcon.colcon_cmake.task.cmake.build:Building CMake package in '/home/ritvik/rover_ws/src/my_rover'
[0.462s] INFO:colcon.colcon_core.plugin_system:Skipping extension 'colcon_core.shell.bat': Not used on non-Windows systems
[0.462s] INFO:colcon.colcon_core.shell:Skip shell extension 'powershell' for command environment: Not usable outside of PowerShell
[0.462s] DEBUG:colcon.colcon_core.shell:Skip shell extension 'dsv' for command environment
[0.475s] DEBUG:colcon.colcon_core.event_handler.log_command:Invoking command in '/home/ritvik/rover_ws/build/my_rover': CMAKE_PREFIX_PATH=${CMAKE_PREFIX_PATH}:/opt/ros/humble /usr/bin/cmake --build /home/ritvik/rover_ws/build/my_rover -- -j22 -l22
[16.116s] DEBUG:colcon.colcon_core.event_handler.log_command:Invoked command in '/home/ritvik/rover_ws/build/my_rover' returned '0': CMAKE_PREFIX_PATH=${CMAKE_PREFIX_PATH}:/opt/ros/humble /usr/bin/cmake --build /home/ritvik/rover_ws/build/my_rover -- -j22 -l22
[16.129s] DEBUG:colcon.colcon_core.event_handler.log_command:Invoking command in '/home/ritvik/rover_ws/build/my_rover': CMAKE_PREFIX_PATH=${CMAKE_PREFIX_PATH}:/opt/ros/humble /usr/bin/cmake --install /home/ritvik/rover_ws/build/my_rover
[16.149s] Level 1:colcon.colcon_core.environment:create_environment_scripts_only(my_rover)
[16.149s] DEBUG:colcon.colcon_core.event_handler.log_command:Invoked command in '/home/ritvik/rover_ws/build/my_rover' returned '0': CMAKE_PREFIX_PATH=${CMAKE_PREFIX_PATH}:/opt/ros/humble /usr/bin/cmake --install /home/ritvik/rover_ws/build/my_rover
[16.155s] Level 1:colcon.colcon_core.environment:checking '/home/ritvik/rover_ws/install/my_rover' for CMake module files
[16.155s] Level 1:colcon.colcon_core.environment:checking '/home/ritvik/rover_ws/install/my_rover' for CMake config files
[16.156s] Level 1:colcon.colcon_core.shell:create_environment_hook('my_rover', 'cmake_prefix_path')
[16.156s] INFO:colcon.colcon_core.shell:Creating environment hook '/home/ritvik/rover_ws/install/my_rover/share/my_rover/hook/cmake_prefix_path.ps1'
[16.157s] INFO:colcon.colcon_core.shell:Creating environment descriptor '/home/ritvik/rover_ws/install/my_rover/share/my_rover/hook/cmake_prefix_path.dsv'
[16.158s] INFO:colcon.colcon_core.shell:Creating environment hook '/home/ritvik/rover_ws/install/my_rover/share/my_rover/hook/cmake_prefix_path.sh'
[16.159s] Level 1:colcon.colcon_core.environment:checking '/home/ritvik/rover_ws/install/my_rover/lib'
[16.159s] Level 1:colcon.colcon_core.environment:checking '/home/ritvik/rover_ws/install/my_rover/bin'
[16.160s] Level 1:colcon.colcon_core.environment:checking '/home/ritvik/rover_ws/install/my_rover/lib/pkgconfig/my_rover.pc'
[16.160s] Level 1:colcon.colcon_core.environment:checking '/home/ritvik/rover_ws/install/my_rover/lib/python3.10/site-packages'
[16.160s] Level 1:colcon.colcon_core.environment:checking '/home/ritvik/rover_ws/install/my_rover/bin'
[16.160s] INFO:colcon.colcon_core.shell:Creating package script '/home/ritvik/rover_ws/install/my_rover/share/my_rover/package.ps1'
[16.162s] INFO:colcon.colcon_core.shell:Creating package descriptor '/home/ritvik/rover_ws/install/my_rover/share/my_rover/package.dsv'
[16.162s] INFO:colcon.colcon_core.shell:Creating package script '/home/ritvik/rover_ws/install/my_rover/share/my_rover/package.sh'
[16.163s] INFO:colcon.colcon_core.shell:Creating package script '/home/ritvik/rover_ws/install/my_rover/share/my_rover/package.bash'
[16.165s] INFO:colcon.colcon_core.shell:Creating package script '/home/ritvik/rover_ws/install/my_rover/share/my_rover/package.zsh'
[16.166s] Level 1:colcon.colcon_core.environment:create_file_with_runtime_dependencies(/home/ritvik/rover_ws/install/my_rover/share/colcon-core/packages/my_rover)
[16.166s] Level 1:colcon.colcon_core.environment:create_environment_scripts_only(my_rover)
[16.167s] Level 1:colcon.colcon_core.environment:checking '/home/ritvik/rover_ws/install/my_rover' for CMake module files
[16.167s] Level 1:colcon.colcon_core.environment:checking '/home/ritvik/rover_ws/install/my_rover' for CMake config files
[16.168s] Level 1:colcon.colcon_core.shell:create_environment_hook('my_rover', 'cmake_prefix_path')
[16.168s] INFO:colcon.colcon_core.shell:Creating environment hook '/home/ritvik/rover_ws/install/my_rover/share/my_rover/hook/cmake_prefix_path.ps1'
[16.168s] INFO:colcon.colcon_core.shell:Creating environment descriptor '/home/ritvik/rover_ws/install/my_rover/share/my_rover/hook/cmake_prefix_path.dsv'
[16.169s] INFO:colcon.colcon_core.shell:Creating environment hook '/home/ritvik/rover_ws/install/my_rover/share/my_rover/hook/cmake_prefix_path.sh'
[16.169s] Level 1:colcon.colcon_core.environment:checking '/home/ritvik/rover_ws/install/my_rover/lib'
[16.170s] Level 1:colcon.colcon_core.environment:checking '/home/ritvik/rover_ws/install/my_rover/bin'
[16.170s] Level 1:colcon.colcon_core.environment:checking '/home/ritvik/rover_ws/install/my_rover/lib/pkgconfig/my_rover.pc'
[16.170s] Level 1:colcon.colcon_core.environment:checking '/home/ritvik/rover_ws/install/my_rover/lib/python3.10/site-packages'
[16.170s] Level 1:colcon.colcon_core.environment:checking '/home/ritvik/rover_ws/install/my_rover/bin'
[16.171s] INFO:colcon.colcon_core.shell:Creating package script '/home/ritvik/rover_ws/install/my_rover/share/my_rover/package.ps1'
[16.171s] INFO:colcon.colcon_core.shell:Creating package descriptor '/home/ritvik/rover_ws/install/my_rover/share/my_rover/package.dsv'
[16.172s] INFO:colcon.colcon_core.shell:Creating package script '/home/ritvik/rover_ws/install/my_rover/share/my_rover/package.sh'
[16.172s] INFO:colcon.colcon_core.shell:Creating package script '/home/ritvik/rover_ws/install/my_rover/share/my_rover/package.bash'
[16.172s] INFO:colcon.colcon_core.shell:Creating package script '/home/ritvik/rover_ws/install/my_rover/share/my_rover/package.zsh'
[16.173s] Level 1:colcon.colcon_core.environment:create_file_with_runtime_dependencies(/home/ritvik/rover_ws/install/my_rover/share/colcon-core/packages/my_rover)
[16.173s] DEBUG:colcon.colcon_parallel_executor.executor.parallel:closing loop
[16.174s] DEBUG:colcon.colcon_parallel_executor.executor.parallel:loop closed
[16.174s] DEBUG:colcon.colcon_parallel_executor.executor.parallel:run_until_complete finished with '0'
[16.174s] DEBUG:colcon.colcon_core.event_reactor:joining thread
[16.181s] INFO:colcon.colcon_core.plugin_system:Skipping extension 'colcon_notification.desktop_notification.terminal_notifier': Not used on non-Darwin systems
[16.182s] INFO:colcon.colcon_core.plugin_system:Skipping extension 'colcon_notification.desktop_notification.win32': Not used on non-Windows systems
[16.182s] INFO:colcon.colcon_notification.desktop_notification:Sending desktop notification using 'notify2'
[16.205s] DEBUG:colcon.colcon_core.event_reactor:joined thread
[16.206s] INFO:colcon.colcon_core.shell:Creating prefix script '/home/ritvik/rover_ws/install/local_setup.ps1'
[16.208s] INFO:colcon.colcon_core.shell:Creating prefix util module '/home/ritvik/rover_ws/install/_local_setup_util_ps1.py'
[16.210s] INFO:colcon.colcon_core.shell:Creating prefix chain script '/home/ritvik/rover_ws/install/setup.ps1'
[16.211s] INFO:colcon.colcon_core.shell:Creating prefix script '/home/ritvik/rover_ws/install/local_setup.sh'
[16.212s] INFO:colcon.colcon_core.shell:Creating prefix util module '/home/ritvik/rover_ws/install/_local_setup_util_sh.py'
[16.213s] INFO:colcon.colcon_core.shell:Creating prefix chain script '/home/ritvik/rover_ws/install/setup.sh'
[16.214s] INFO:colcon.colcon_core.shell:Creating prefix script '/home/ritvik/rover_ws/install/local_setup.bash'
[16.215s] INFO:colcon.colcon_core.shell:Creating prefix chain script '/home/ritvik/rover_ws/install/setup.bash'
[16.216s] INFO:colcon.colcon_core.shell:Creating prefix script '/home/ritvik/rover_ws/install/local_setup.zsh'
[16.217s] INFO:colcon.colcon_core.shell:Creating prefix chain script '/home/ritvik/rover_ws/install/setup.zsh'
