[0.101s] DEBUG:colcon:Command line arguments: ['/usr/bin/colcon', 'build']
[0.101s] DEBUG:colcon:Parsed command line arguments: Namespace(log_base=None, log_level=None, verb_name='build', build_base='build', install_base='install', merge_install=False, symlink_install=False, test_result_base=None, continue_on_error=False, executor='parallel', parallel_workers=22, event_handlers=None, ignore_user_meta=False, metas=['./colcon.meta'], base_paths=['.'], packages_ignore=None, packages_ignore_regex=None, paths=None, packages_up_to=None, packages_up_to_regex=None, packages_above=None, packages_above_and_dependencies=None, packages_above_depth=None, packages_select_by_dep=None, packages_skip_by_dep=None, packages_skip_up_to=None, packages_select_build_failed=False, packages_skip_build_finished=False, packages_select_test_failures=False, packages_skip_test_passed=False, packages_select=None, packages_skip=None, packages_select_regex=None, packages_skip_regex=None, packages_start=None, packages_end=None, allow_overriding=[], cmake_args=None, cmake_target=None, cmake_target_skip_unavailable=False, cmake_clean_cache=False, cmake_clean_first=False, cmake_force_configure=False, ament_cmake_args=None, catkin_cmake_args=None, catkin_skip_building_tests=False, verb_parser=<colcon_defaults.argument_parser.defaults.DefaultArgumentsDecorator object at 0x7e4f4a82e650>, verb_extension=<colcon_core.verb.build.BuildVerb object at 0x7e4f4a9a2c20>, main=<bound method BuildVerb.main of <colcon_core.verb.build.BuildVerb object at 0x7e4f4a9a2c20>>)
[0.253s] Level 1:colcon.colcon_core.package_discovery:discover_packages(colcon_meta) check parameters
[0.253s] Level 1:colcon.colcon_core.package_discovery:discover_packages(recursive) check parameters
[0.253s] Level 1:colcon.colcon_core.package_discovery:discover_packages(ignore) check parameters
[0.253s] Level 1:colcon.colcon_core.package_discovery:discover_packages(path) check parameters
[0.253s] Level 1:colcon.colcon_core.package_discovery:discover_packages(colcon_meta) discover
[0.254s] Level 1:colcon.colcon_core.package_discovery:discover_packages(recursive) discover
[0.254s] INFO:colcon.colcon_core.package_discovery:Crawling recursively for packages in '/home/ritvik/rover_ws'
[0.254s] Level 1:colcon.colcon_core.package_identification:_identify(.) by extensions ['ignore', 'ignore_ament_install']
[0.254s] Level 1:colcon.colcon_core.package_identification:_identify(.) by extension 'ignore'
[0.254s] Level 1:colcon.colcon_core.package_identification:_identify(.) by extension 'ignore_ament_install'
[0.254s] Level 1:colcon.colcon_core.package_identification:_identify(.) by extensions ['colcon_pkg']
[0.254s] Level 1:colcon.colcon_core.package_identification:_identify(.) by extension 'colcon_pkg'
[0.254s] Level 1:colcon.colcon_core.package_identification:_identify(.) by extensions ['colcon_meta']
[0.254s] Level 1:colcon.colcon_core.package_identification:_identify(.) by extension 'colcon_meta'
[0.254s] Level 1:colcon.colcon_core.package_identification:_identify(.) by extensions ['ros']
[0.254s] Level 1:colcon.colcon_core.package_identification:_identify(.) by extension 'ros'
[0.266s] Level 1:colcon.colcon_core.package_identification:_identify(.) by extensions ['cmake', 'python']
[0.266s] Level 1:colcon.colcon_core.package_identification:_identify(.) by extension 'cmake'
[0.266s] Level 1:colcon.colcon_core.package_identification:_identify(.) by extension 'python'
[0.266s] Level 1:colcon.colcon_core.package_identification:_identify(.) by extensions ['python_setup_py']
[0.266s] Level 1:colcon.colcon_core.package_identification:_identify(.) by extension 'python_setup_py'
[0.266s] Level 1:colcon.colcon_core.package_identification:_identify(build) by extensions ['ignore', 'ignore_ament_install']
[0.266s] Level 1:colcon.colcon_core.package_identification:_identify(build) by extension 'ignore'
[0.266s] Level 1:colcon.colcon_core.package_identification:_identify(build) ignored
[0.266s] Level 1:colcon.colcon_core.package_identification:_identify(install) by extensions ['ignore', 'ignore_ament_install']
[0.266s] Level 1:colcon.colcon_core.package_identification:_identify(install) by extension 'ignore'
[0.266s] Level 1:colcon.colcon_core.package_identification:_identify(install) ignored
[0.267s] Level 1:colcon.colcon_core.package_identification:_identify(log) by extensions ['ignore', 'ignore_ament_install']
[0.267s] Level 1:colcon.colcon_core.package_identification:_identify(log) by extension 'ignore'
[0.267s] Level 1:colcon.colcon_core.package_identification:_identify(log) ignored
[0.267s] Level 1:colcon.colcon_core.package_identification:_identify(src) by extensions ['ignore', 'ignore_ament_install']
[0.267s] Level 1:colcon.colcon_core.package_identification:_identify(src) by extension 'ignore'
[0.267s] Level 1:colcon.colcon_core.package_identification:_identify(src) by extension 'ignore_ament_install'
[0.267s] Level 1:colcon.colcon_core.package_identification:_identify(src) by extensions ['colcon_pkg']
[0.267s] Level 1:colcon.colcon_core.package_identification:_identify(src) by extension 'colcon_pkg'
[0.267s] Level 1:colcon.colcon_core.package_identification:_identify(src) by extensions ['colcon_meta']
[0.267s] Level 1:colcon.colcon_core.package_identification:_identify(src) by extension 'colcon_meta'
[0.267s] Level 1:colcon.colcon_core.package_identification:_identify(src) by extensions ['ros']
[0.267s] Level 1:colcon.colcon_core.package_identification:_identify(src) by extension 'ros'
[0.267s] Level 1:colcon.colcon_core.package_identification:_identify(src) by extensions ['cmake', 'python']
[0.267s] Level 1:colcon.colcon_core.package_identification:_identify(src) by extension 'cmake'
[0.267s] Level 1:colcon.colcon_core.package_identification:_identify(src) by extension 'python'
[0.267s] Level 1:colcon.colcon_core.package_identification:_identify(src) by extensions ['python_setup_py']
[0.267s] Level 1:colcon.colcon_core.package_identification:_identify(src) by extension 'python_setup_py'
[0.267s] Level 1:colcon.colcon_core.package_identification:_identify(src/my_rover) by extensions ['ignore', 'ignore_ament_install']
[0.267s] Level 1:colcon.colcon_core.package_identification:_identify(src/my_rover) by extension 'ignore'
[0.267s] Level 1:colcon.colcon_core.package_identification:_identify(src/my_rover) by extension 'ignore_ament_install'
[0.267s] Level 1:colcon.colcon_core.package_identification:_identify(src/my_rover) by extensions ['colcon_pkg']
[0.268s] Level 1:colcon.colcon_core.package_identification:_identify(src/my_rover) by extension 'colcon_pkg'
[0.268s] Level 1:colcon.colcon_core.package_identification:_identify(src/my_rover) by extensions ['colcon_meta']
[0.268s] Level 1:colcon.colcon_core.package_identification:_identify(src/my_rover) by extension 'colcon_meta'
[0.268s] Level 1:colcon.colcon_core.package_identification:_identify(src/my_rover) by extensions ['ros']
[0.268s] Level 1:colcon.colcon_core.package_identification:_identify(src/my_rover) by extension 'ros'
[0.271s] DEBUG:colcon.colcon_core.package_identification:Package 'src/my_rover' with type 'ros.ament_cmake' and name 'my_rover'
[0.271s] Level 1:colcon.colcon_core.package_discovery:discover_packages(recursive) using defaults
[0.271s] Level 1:colcon.colcon_core.package_discovery:discover_packages(ignore) discover
[0.271s] Level 1:colcon.colcon_core.package_discovery:discover_packages(ignore) using defaults
[0.271s] Level 1:colcon.colcon_core.package_discovery:discover_packages(path) discover
[0.271s] Level 1:colcon.colcon_core.package_discovery:discover_packages(path) using defaults
[0.291s] Level 1:colcon.colcon_core.package_discovery:discover_packages(prefix_path) check parameters
[0.291s] Level 1:colcon.colcon_core.package_discovery:discover_packages(prefix_path) discover
[0.292s] DEBUG:colcon.colcon_installed_package_information.package_discovery:Found 1 installed packages in /home/ritvik/rover_ws/install
[0.294s] DEBUG:colcon.colcon_installed_package_information.package_discovery:Found 320 installed packages in /opt/ros/humble
[0.305s] Level 1:colcon.colcon_core.package_discovery:discover_packages(prefix_path) using defaults
[0.344s] Level 5:colcon.colcon_core.verb:set package 'my_rover' build argument 'cmake_args' from command line to 'None'
[0.344s] Level 5:colcon.colcon_core.verb:set package 'my_rover' build argument 'cmake_target' from command line to 'None'
[0.344s] Level 5:colcon.colcon_core.verb:set package 'my_rover' build argument 'cmake_target_skip_unavailable' from command line to 'False'
[0.344s] Level 5:colcon.colcon_core.verb:set package 'my_rover' build argument 'cmake_clean_cache' from command line to 'False'
[0.344s] Level 5:colcon.colcon_core.verb:set package 'my_rover' build argument 'cmake_clean_first' from command line to 'False'
[0.344s] Level 5:colcon.colcon_core.verb:set package 'my_rover' build argument 'cmake_force_configure' from command line to 'False'
[0.344s] Level 5:colcon.colcon_core.verb:set package 'my_rover' build argument 'ament_cmake_args' from command line to 'None'
[0.345s] Level 5:colcon.colcon_core.verb:set package 'my_rover' build argument 'catkin_cmake_args' from command line to 'None'
[0.345s] Level 5:colcon.colcon_core.verb:set package 'my_rover' build argument 'catkin_skip_building_tests' from command line to 'False'
[0.345s] DEBUG:colcon.colcon_core.verb:Building package 'my_rover' with the following arguments: {'ament_cmake_args': None, 'build_base': '/home/ritvik/rover_ws/build/my_rover', 'catkin_cmake_args': None, 'catkin_skip_building_tests': False, 'cmake_args': None, 'cmake_clean_cache': False, 'cmake_clean_first': False, 'cmake_force_configure': False, 'cmake_target': None, 'cmake_target_skip_unavailable': False, 'install_base': '/home/ritvik/rover_ws/install/my_rover', 'merge_install': False, 'path': '/home/ritvik/rover_ws/src/my_rover', 'symlink_install': False, 'test_result_base': None}
[0.345s] INFO:colcon.colcon_core.executor:Executing jobs using 'parallel' executor
[0.346s] DEBUG:colcon.colcon_parallel_executor.executor.parallel:run_until_complete
[0.347s] INFO:colcon.colcon_ros.task.ament_cmake.build:Building ROS package in '/home/ritvik/rover_ws/src/my_rover' with build type 'ament_cmake'
[0.347s] INFO:colcon.colcon_cmake.task.cmake.build:Building CMake package in '/home/ritvik/rover_ws/src/my_rover'
[0.349s] INFO:colcon.colcon_core.plugin_system:Skipping extension 'colcon_core.shell.bat': Not used on non-Windows systems
[0.349s] INFO:colcon.colcon_core.shell:Skip shell extension 'powershell' for command environment: Not usable outside of PowerShell
[0.349s] DEBUG:colcon.colcon_core.shell:Skip shell extension 'dsv' for command environment
[0.362s] DEBUG:colcon.colcon_core.event_handler.log_command:Invoking command in '/home/ritvik/rover_ws/build/my_rover': CMAKE_PREFIX_PATH=${CMAKE_PREFIX_PATH}:/opt/ros/humble /usr/bin/cmake --build /home/ritvik/rover_ws/build/my_rover -- -j22 -l22
[13.826s] DEBUG:colcon.colcon_core.event_handler.log_command:Invoked command in '/home/ritvik/rover_ws/build/my_rover' returned '0': CMAKE_PREFIX_PATH=${CMAKE_PREFIX_PATH}:/opt/ros/humble /usr/bin/cmake --build /home/ritvik/rover_ws/build/my_rover -- -j22 -l22
[13.837s] DEBUG:colcon.colcon_core.event_handler.log_command:Invoking command in '/home/ritvik/rover_ws/build/my_rover': CMAKE_PREFIX_PATH=${CMAKE_PREFIX_PATH}:/opt/ros/humble /usr/bin/cmake --install /home/ritvik/rover_ws/build/my_rover
[13.860s] Level 1:colcon.colcon_core.environment:create_environment_scripts_only(my_rover)
[13.861s] DEBUG:colcon.colcon_core.event_handler.log_command:Invoked command in '/home/ritvik/rover_ws/build/my_rover' returned '0': CMAKE_PREFIX_PATH=${CMAKE_PREFIX_PATH}:/opt/ros/humble /usr/bin/cmake --install /home/ritvik/rover_ws/build/my_rover
[13.864s] Level 1:colcon.colcon_core.environment:checking '/home/ritvik/rover_ws/install/my_rover' for CMake module files
[13.864s] Level 1:colcon.colcon_core.environment:checking '/home/ritvik/rover_ws/install/my_rover' for CMake config files
[13.865s] Level 1:colcon.colcon_core.shell:create_environment_hook('my_rover', 'cmake_prefix_path')
[13.865s] INFO:colcon.colcon_core.shell:Creating environment hook '/home/ritvik/rover_ws/install/my_rover/share/my_rover/hook/cmake_prefix_path.ps1'
[13.866s] INFO:colcon.colcon_core.shell:Creating environment descriptor '/home/ritvik/rover_ws/install/my_rover/share/my_rover/hook/cmake_prefix_path.dsv'
[13.866s] INFO:colcon.colcon_core.shell:Creating environment hook '/home/ritvik/rover_ws/install/my_rover/share/my_rover/hook/cmake_prefix_path.sh'
[13.867s] Level 1:colcon.colcon_core.environment:checking '/home/ritvik/rover_ws/install/my_rover/lib'
[13.867s] Level 1:colcon.colcon_core.environment:checking '/home/ritvik/rover_ws/install/my_rover/bin'
[13.867s] Level 1:colcon.colcon_core.environment:checking '/home/ritvik/rover_ws/install/my_rover/lib/pkgconfig/my_rover.pc'
[13.867s] Level 1:colcon.colcon_core.environment:checking '/home/ritvik/rover_ws/install/my_rover/lib/python3.10/site-packages'
[13.868s] Level 1:colcon.colcon_core.environment:checking '/home/ritvik/rover_ws/install/my_rover/bin'
[13.868s] INFO:colcon.colcon_core.shell:Creating package script '/home/ritvik/rover_ws/install/my_rover/share/my_rover/package.ps1'
[13.869s] INFO:colcon.colcon_core.shell:Creating package descriptor '/home/ritvik/rover_ws/install/my_rover/share/my_rover/package.dsv'
[13.869s] INFO:colcon.colcon_core.shell:Creating package script '/home/ritvik/rover_ws/install/my_rover/share/my_rover/package.sh'
[13.870s] INFO:colcon.colcon_core.shell:Creating package script '/home/ritvik/rover_ws/install/my_rover/share/my_rover/package.bash'
[13.870s] INFO:colcon.colcon_core.shell:Creating package script '/home/ritvik/rover_ws/install/my_rover/share/my_rover/package.zsh'
[13.871s] Level 1:colcon.colcon_core.environment:create_file_with_runtime_dependencies(/home/ritvik/rover_ws/install/my_rover/share/colcon-core/packages/my_rover)
[13.872s] Level 1:colcon.colcon_core.environment:create_environment_scripts_only(my_rover)
[13.872s] Level 1:colcon.colcon_core.environment:checking '/home/ritvik/rover_ws/install/my_rover' for CMake module files
[13.872s] Level 1:colcon.colcon_core.environment:checking '/home/ritvik/rover_ws/install/my_rover' for CMake config files
[13.872s] Level 1:colcon.colcon_core.shell:create_environment_hook('my_rover', 'cmake_prefix_path')
[13.873s] INFO:colcon.colcon_core.shell:Creating environment hook '/home/ritvik/rover_ws/install/my_rover/share/my_rover/hook/cmake_prefix_path.ps1'
[13.873s] INFO:colcon.colcon_core.shell:Creating environment descriptor '/home/ritvik/rover_ws/install/my_rover/share/my_rover/hook/cmake_prefix_path.dsv'
[13.873s] INFO:colcon.colcon_core.shell:Creating environment hook '/home/ritvik/rover_ws/install/my_rover/share/my_rover/hook/cmake_prefix_path.sh'
[13.874s] Level 1:colcon.colcon_core.environment:checking '/home/ritvik/rover_ws/install/my_rover/lib'
[13.874s] Level 1:colcon.colcon_core.environment:checking '/home/ritvik/rover_ws/install/my_rover/bin'
[13.874s] Level 1:colcon.colcon_core.environment:checking '/home/ritvik/rover_ws/install/my_rover/lib/pkgconfig/my_rover.pc'
[13.874s] Level 1:colcon.colcon_core.environment:checking '/home/ritvik/rover_ws/install/my_rover/lib/python3.10/site-packages'
[13.874s] Level 1:colcon.colcon_core.environment:checking '/home/ritvik/rover_ws/install/my_rover/bin'
[13.875s] INFO:colcon.colcon_core.shell:Creating package script '/home/ritvik/rover_ws/install/my_rover/share/my_rover/package.ps1'
[13.875s] INFO:colcon.colcon_core.shell:Creating package descriptor '/home/ritvik/rover_ws/install/my_rover/share/my_rover/package.dsv'
[13.876s] INFO:colcon.colcon_core.shell:Creating package script '/home/ritvik/rover_ws/install/my_rover/share/my_rover/package.sh'
[13.876s] INFO:colcon.colcon_core.shell:Creating package script '/home/ritvik/rover_ws/install/my_rover/share/my_rover/package.bash'
[13.876s] INFO:colcon.colcon_core.shell:Creating package script '/home/ritvik/rover_ws/install/my_rover/share/my_rover/package.zsh'
[13.877s] Level 1:colcon.colcon_core.environment:create_file_with_runtime_dependencies(/home/ritvik/rover_ws/install/my_rover/share/colcon-core/packages/my_rover)
[13.877s] DEBUG:colcon.colcon_parallel_executor.executor.parallel:closing loop
[13.877s] DEBUG:colcon.colcon_parallel_executor.executor.parallel:loop closed
[13.877s] DEBUG:colcon.colcon_parallel_executor.executor.parallel:run_until_complete finished with '0'
[13.878s] DEBUG:colcon.colcon_core.event_reactor:joining thread
[13.883s] INFO:colcon.colcon_core.plugin_system:Skipping extension 'colcon_notification.desktop_notification.terminal_notifier': Not used on non-Darwin systems
[13.883s] INFO:colcon.colcon_core.plugin_system:Skipping extension 'colcon_notification.desktop_notification.win32': Not used on non-Windows systems
[13.883s] INFO:colcon.colcon_notification.desktop_notification:Sending desktop notification using 'notify2'
[13.899s] DEBUG:colcon.colcon_core.event_reactor:joined thread
[13.899s] INFO:colcon.colcon_core.shell:Creating prefix script '/home/ritvik/rover_ws/install/local_setup.ps1'
[13.900s] INFO:colcon.colcon_core.shell:Creating prefix util module '/home/ritvik/rover_ws/install/_local_setup_util_ps1.py'
[13.902s] INFO:colcon.colcon_core.shell:Creating prefix chain script '/home/ritvik/rover_ws/install/setup.ps1'
[13.903s] INFO:colcon.colcon_core.shell:Creating prefix script '/home/ritvik/rover_ws/install/local_setup.sh'
[13.904s] INFO:colcon.colcon_core.shell:Creating prefix util module '/home/ritvik/rover_ws/install/_local_setup_util_sh.py'
[13.904s] INFO:colcon.colcon_core.shell:Creating prefix chain script '/home/ritvik/rover_ws/install/setup.sh'
[13.906s] INFO:colcon.colcon_core.shell:Creating prefix script '/home/ritvik/rover_ws/install/local_setup.bash'
[13.906s] INFO:colcon.colcon_core.shell:Creating prefix chain script '/home/ritvik/rover_ws/install/setup.bash'
[13.907s] INFO:colcon.colcon_core.shell:Creating prefix script '/home/ritvik/rover_ws/install/local_setup.zsh'
[13.908s] INFO:colcon.colcon_core.shell:Creating prefix chain script '/home/ritvik/rover_ws/install/setup.zsh'
