[0.013s] Invoking command in '/home/ritvik/rover_ws/build/my_rover': CMAKE_PREFIX_PATH=${CMAKE_PREFIX_PATH}:/opt/ros/humble /usr/bin/cmake --build /home/ritvik/rover_ws/build/my_rover -- -j22 -l22
[0.117s] [100%] Built target gps_node
[0.131s] Invoked command in '/home/ritvik/rover_ws/build/my_rover' returned '0': CMAKE_PREFIX_PATH=${CMAKE_PREFIX_PATH}:/opt/ros/humble /usr/bin/cmake --build /home/ritvik/rover_ws/build/my_rover -- -j22 -l22
[0.144s] Invoking command in '/home/ritvik/rover_ws/build/my_rover': CMAKE_PREFIX_PATH=${CMAKE_PREFIX_PATH}:/opt/ros/humble /usr/bin/cmake --install /home/ritvik/rover_ws/build/my_rover
[0.154s] -- Install configuration: ""
[0.155s] -- Up-to-date: /home/ritvik/rover_ws/install/my_rover/lib/my_rover/gps_node
[0.155s] -- Up-to-date: /home/ritvik/rover_ws/install/my_rover/share/my_rover//launch
[0.155s] -- Installing: /home/ritvik/rover_ws/install/my_rover/share/my_rover//launch/robot.launch.py
[0.156s] -- Up-to-date: /home/ritvik/rover_ws/install/my_rover/share/my_rover//launch/gps.launch.py
[0.156s] -- Up-to-date: /home/ritvik/rover_ws/install/my_rover/share/my_rover//launch/display.launch.py
[0.156s] -- Up-to-date: /home/ritvik/rover_ws/install/my_rover/share/my_rover//launch/gazebo.launch.py
[0.156s] -- Up-to-date: /home/ritvik/rover_ws/install/my_rover/share/my_rover//urdf
[0.156s] -- Up-to-date: /home/ritvik/rover_ws/install/my_rover/share/my_rover//urdf/gps.xacro
[0.156s] -- Up-to-date: /home/ritvik/rover_ws/install/my_rover/share/my_rover//urdf/material.xacro
[0.156s] -- Up-to-date: /home/ritvik/rover_ws/install/my_rover/share/my_rover//urdf/inertial.xacro
[0.156s] -- Up-to-date: /home/ritvik/rover_ws/install/my_rover/share/my_rover//urdf/cam.xacro
[0.156s] -- Up-to-date: /home/ritvik/rover_ws/install/my_rover/share/my_rover//urdf/stereo.xacro
[0.156s] -- Up-to-date: /home/ritvik/rover_ws/install/my_rover/share/my_rover//urdf/lidar.xacro
[0.156s] -- Up-to-date: /home/ritvik/rover_ws/install/my_rover/share/my_rover//urdf/imu.xacro
[0.156s] -- Up-to-date: /home/ritvik/rover_ws/install/my_rover/share/my_rover//urdf/robot.urdf.xacro
[0.156s] -- Up-to-date: /home/ritvik/rover_ws/install/my_rover/share/my_rover//rviz
[0.157s] -- Up-to-date: /home/ritvik/rover_ws/install/my_rover/share/my_rover//rviz/config.rviz
[0.157s] -- Up-to-date: /home/ritvik/rover_ws/install/my_rover/share/ament_index/resource_index/package_run_dependencies/my_rover
[0.157s] -- Up-to-date: /home/ritvik/rover_ws/install/my_rover/share/ament_index/resource_index/parent_prefix_path/my_rover
[0.157s] -- Up-to-date: /home/ritvik/rover_ws/install/my_rover/share/my_rover/environment/ament_prefix_path.sh
[0.157s] -- Up-to-date: /home/ritvik/rover_ws/install/my_rover/share/my_rover/environment/ament_prefix_path.dsv
[0.157s] -- Up-to-date: /home/ritvik/rover_ws/install/my_rover/share/my_rover/environment/path.sh
[0.157s] -- Up-to-date: /home/ritvik/rover_ws/install/my_rover/share/my_rover/environment/path.dsv
[0.157s] -- Up-to-date: /home/ritvik/rover_ws/install/my_rover/share/my_rover/local_setup.bash
[0.157s] -- Up-to-date: /home/ritvik/rover_ws/install/my_rover/share/my_rover/local_setup.sh
[0.157s] -- Up-to-date: /home/ritvik/rover_ws/install/my_rover/share/my_rover/local_setup.zsh
[0.157s] -- Up-to-date: /home/ritvik/rover_ws/install/my_rover/share/my_rover/local_setup.dsv
[0.157s] -- Installing: /home/ritvik/rover_ws/install/my_rover/share/my_rover/package.dsv
[0.157s] -- Up-to-date: /home/ritvik/rover_ws/install/my_rover/share/ament_index/resource_index/packages/my_rover
[0.158s] -- Up-to-date: /home/ritvik/rover_ws/install/my_rover/share/my_rover/cmake/my_roverConfig.cmake
[0.158s] -- Up-to-date: /home/ritvik/rover_ws/install/my_rover/share/my_rover/cmake/my_roverConfig-version.cmake
[0.158s] -- Up-to-date: /home/ritvik/rover_ws/install/my_rover/share/my_rover/package.xml
[0.160s] Invoked command in '/home/ritvik/rover_ws/build/my_rover' returned '0': CMAKE_PREFIX_PATH=${CMAKE_PREFIX_PATH}:/opt/ros/humble /usr/bin/cmake --install /home/ritvik/rover_ws/build/my_rover
