[0.007s] Invoking command in '/home/ritvik/rover_ws/build/my_rover': CMAKE_PREFIX_PATH=${CMAKE_PREFIX_PATH}:/opt/ros/humble /usr/bin/cmake --build /home/ritvik/rover_ws/build/my_rover -- -j22 -l22
[0.024s] -- Found ament_cmake: 1.3.11 (/opt/ros/humble/share/ament_cmake/cmake)
[0.101s] -- Found gazebo_ros: 3.7.0 (/opt/ros/humble/share/gazebo_ros/cmake)
[0.117s] -- Found rosidl_generator_c: 3.1.6 (/opt/ros/humble/share/rosidl_generator_c/cmake)
[0.118s] -- Found rosidl_adapter: 3.1.6 (/opt/ros/humble/share/rosidl_adapter/cmake)
[0.121s] -- Found rosidl_generator_cpp: 3.1.6 (/opt/ros/humble/share/rosidl_generator_cpp/cmake)
[0.127s] -- Using all available rosidl_typesupport_c: rosidl_typesupport_fastrtps_c;rosidl_typesupport_introspection_c
[0.133s] -- Using all available rosidl_typesupport_cpp: rosidl_typesupport_fastrtps_cpp;rosidl_typesupport_introspection_cpp
[0.150s] -- Found rmw_implementation_cmake: 6.1.2 (/opt/ros/humble/share/rmw_implementation_cmake/cmake)
[0.151s] -- Found rmw_fastrtps_cpp: 6.2.7 (/opt/ros/humble/share/rmw_fastrtps_cpp/cmake)
[0.214s] -- Using RMW implementation 'rmw_fastrtps_cpp' as default
[0.260s] -- Found DART: /usr/include (Required is at least version "6.6") found components: dart 
[0.279s] -- Found Protobuf: /usr/lib/x86_64-linux-gnu/libprotobuf.so (found version "3.12.4") 
[0.280s] -- Looking for ignition-math6 -- found version 6.15.1
[0.284s] -- Searching for dependencies of ignition-math6
[0.284s] -- Looking for OGRE...
[0.289s] -- Found Ogre Ghadamon (1.9.0)
[0.289s] -- Found OGRE: optimized;/usr/lib/x86_64-linux-gnu/libOgreMain.so;debug;/usr/lib/x86_64-linux-gnu/libOgreMain.so
[0.295s] -- Looking for OGRE_Paging...
[0.295s] -- Found OGRE_Paging: optimized;/usr/lib/x86_64-linux-gnu/libOgrePaging.so;debug;/usr/lib/x86_64-linux-gnu/libOgrePaging.so
[0.295s] -- Looking for OGRE_Terrain...
[0.296s] -- Found OGRE_Terrain: optimized;/usr/lib/x86_64-linux-gnu/libOgreTerrain.so;debug;/usr/lib/x86_64-linux-gnu/libOgreTerrain.so
[0.296s] -- Looking for OGRE_Property...
[0.296s] -- Found OGRE_Property: optimized;/usr/lib/x86_64-linux-gnu/libOgreProperty.so;debug;/usr/lib/x86_64-linux-gnu/libOgreProperty.so
[0.296s] -- Looking for OGRE_RTShaderSystem...
[0.296s] -- Found OGRE_RTShaderSystem: optimized;/usr/lib/x86_64-linux-gnu/libOgreRTShaderSystem.so;debug;/usr/lib/x86_64-linux-gnu/libOgreRTShaderSystem.so
[0.296s] -- Looking for OGRE_Volume...
[0.296s] -- Found OGRE_Volume: optimized;/usr/lib/x86_64-linux-gnu/libOgreVolume.so;debug;/usr/lib/x86_64-linux-gnu/libOgreVolume.so
[0.296s] -- Looking for OGRE_Overlay...
[0.296s] -- Found OGRE_Overlay: optimized;/usr/lib/x86_64-linux-gnu/libOgreOverlay.so;debug;/usr/lib/x86_64-linux-gnu/libOgreOverlay.so
[0.346s] -- Looking for ignition-math6 -- found version 6.15.1
[0.346s] -- Looking for ignition-transport8 -- found version 8.2.1
[0.347s] -- Searching for dependencies of ignition-transport8
[0.357s] -- Found Protobuf: /usr/lib/x86_64-linux-gnu/libprotobuf.so (found suitable version "3.12.4", minimum required is "3") 
[0.362s] -- Config-file not installed for ZeroMQ -- checking for pkg-config
[0.366s] -- Checking for module 'libzmq >= 4'
[0.375s] --   Found libzmq , version 4.3.4
[0.408s] -- Checking for module 'uuid'
[0.417s] --   Found uuid, version 2.37.2
[0.442s] -- Looking for ignition-msgs5 -- found version 5.8.1
[0.442s] -- Searching for dependencies of ignition-msgs5
[0.454s] -- Looking for ignition-math6 -- found version 6.15.1
[0.459s] -- Checking for module 'tinyxml2'
[0.469s] --   Found tinyxml2, version 9.0.0
[0.496s] -- Looking for ignition-msgs5 -- found version 5.8.1
[0.496s] -- Looking for ignition-common3 -- found version 3.14.0
[0.497s] -- Searching for dependencies of ignition-common3
[0.497s] -- Looking for dlfcn.h - found
[0.497s] -- Looking for libdl - found
[0.504s] -- Searching for <ignition-common3> component [graphics]
[0.505s] -- Looking for ignition-common3-graphics -- found version 3.14.0
[0.505s] -- Searching for dependencies of ignition-common3-graphics
[0.505s] -- Looking for ignition-math6 -- found version 6.15.1
[0.506s] -- Looking for ignition-fuel_tools4 -- found version 4.4.0
[0.506s] -- Searching for dependencies of ignition-fuel_tools4
[0.530s] -- Checking for module 'jsoncpp'
[0.541s] --   Found jsoncpp, version 1.9.5
[0.571s] -- Checking for module 'libzip'
[0.581s] --   Found libzip, version 1.7.3
[0.609s] -- Looking for ignition-common3 -- found version 3.14.0
[0.609s] -- Looking for ignition-math6 -- found version 6.15.1
[0.610s] -- Looking for ignition-msgs5 -- found version 5.8.1
[0.611s] -- Gazebo version: 11.10
[0.612s] -- Found robot_state_publisher: 3.0.3 (/opt/ros/humble/share/robot_state_publisher/cmake)
[0.621s] -- Found eigen3_cmake_module: 0.1.1 (/opt/ros/humble/share/eigen3_cmake_module/cmake)
[0.622s] -- Ensuring Eigen3 include directory is part of orocos-kdl CMake target
[0.692s] -- Found nav2_msgs: 1.1.17 (/opt/ros/humble/share/nav2_msgs/cmake)
[0.728s] -- Found tf2_geometry_msgs: 0.25.11 (/opt/ros/humble/share/tf2_geometry_msgs/cmake)
[0.731s] -- Found xacro: 2.0.8 (/opt/ros/humble/share/xacro/cmake)
[0.732s] -- Configuring incomplete, errors occurred!
[0.732s] See also "/home/ritvik/rover_ws/build/my_rover/CMakeFiles/CMakeOutput.log".
[0.732s] [31mCMake Error at /opt/ros/humble/share/ament_cmake_target_dependencies/cmake/ament_target_dependencies.cmake:42 (message):
[0.732s]   ament_target_dependencies() the first argument must be a valid target name
[0.732s] Call Stack (most recent call first):
[0.732s]   CMakeLists.txt:24 (ament_target_dependencies)
[0.732s] 
[0.732s] [0m
[0.738s] gmake: *** [Makefile:267: cmake_check_build_system] Error 1
[0.740s] Invoked command in '/home/ritvik/rover_ws/build/my_rover' returned '2': CMAKE_PREFIX_PATH=${CMAKE_PREFIX_PATH}:/opt/ros/humble /usr/bin/cmake --build /home/ritvik/rover_ws/build/my_rover -- -j22 -l22
