[0.016s] Invoking command in '/home/ritvik/rover_ws/build/my_rover': CMAKE_PREFIX_PATH=${CMAKE_PREFIX_PATH}:/opt/ros/humble /usr/bin/cmake --build /home/ritvik/rover_ws/build/my_rover -- -j22 -l22
[0.096s] -- Found ament_cmake: 1.3.11 (/opt/ros/humble/share/ament_cmake/cmake)
[0.276s] -- Found gazebo_ros: 3.7.0 (/opt/ros/humble/share/gazebo_ros/cmake)
[0.320s] -- Found rosidl_generator_c: 3.1.6 (/opt/ros/humble/share/rosidl_generator_c/cmake)
[0.323s] -- Found rosidl_adapter: 3.1.6 (/opt/ros/humble/share/rosidl_adapter/cmake)
[0.331s] -- Found rosidl_generator_cpp: 3.1.6 (/opt/ros/humble/share/rosidl_generator_cpp/cmake)
[0.343s] -- Using all available rosidl_typesupport_c: rosidl_typesupport_fastrtps_c;rosidl_typesupport_introspection_c
[0.358s] -- Using all available rosidl_typesupport_cpp: rosidl_typesupport_fastrtps_cpp;rosidl_typesupport_introspection_cpp
[0.397s] -- Found rmw_implementation_cmake: 6.1.2 (/opt/ros/humble/share/rmw_implementation_cmake/cmake)
[0.399s] -- Found rmw_fastrtps_cpp: 6.2.7 (/opt/ros/humble/share/rmw_fastrtps_cpp/cmake)
[0.519s] -- Using RMW implementation 'rmw_fastrtps_cpp' as default
[0.646s] -- Found DART: /usr/include (Required is at least version "6.6") found components: dart 
[0.692s] -- Found Protobuf: /usr/lib/x86_64-linux-gnu/libprotobuf.so (found version "3.12.4") 
[0.695s] -- Looking for ignition-math6 -- found version 6.15.1
[0.704s] -- Searching for dependencies of ignition-math6
[0.706s] -- Looking for OGRE...
[0.714s] -- Found Ogre Ghadamon (1.9.0)
[0.715s] -- Found OGRE: optimized;/usr/lib/x86_64-linux-gnu/libOgreMain.so;debug;/usr/lib/x86_64-linux-gnu/libOgreMain.so
[0.728s] -- Looking for OGRE_Paging...
[0.728s] -- Found OGRE_Paging: optimized;/usr/lib/x86_64-linux-gnu/libOgrePaging.so;debug;/usr/lib/x86_64-linux-gnu/libOgrePaging.so
[0.728s] -- Looking for OGRE_Terrain...
[0.728s] -- Found OGRE_Terrain: optimized;/usr/lib/x86_64-linux-gnu/libOgreTerrain.so;debug;/usr/lib/x86_64-linux-gnu/libOgreTerrain.so
[0.728s] -- Looking for OGRE_Property...
[0.729s] -- Found OGRE_Property: optimized;/usr/lib/x86_64-linux-gnu/libOgreProperty.so;debug;/usr/lib/x86_64-linux-gnu/libOgreProperty.so
[0.729s] -- Looking for OGRE_RTShaderSystem...
[0.729s] -- Found OGRE_RTShaderSystem: optimized;/usr/lib/x86_64-linux-gnu/libOgreRTShaderSystem.so;debug;/usr/lib/x86_64-linux-gnu/libOgreRTShaderSystem.so
[0.729s] -- Looking for OGRE_Volume...
[0.729s] -- Found OGRE_Volume: optimized;/usr/lib/x86_64-linux-gnu/libOgreVolume.so;debug;/usr/lib/x86_64-linux-gnu/libOgreVolume.so
[0.729s] -- Looking for OGRE_Overlay...
[0.729s] -- Found OGRE_Overlay: optimized;/usr/lib/x86_64-linux-gnu/libOgreOverlay.so;debug;/usr/lib/x86_64-linux-gnu/libOgreOverlay.so
[0.855s] -- Looking for ignition-math6 -- found version 6.15.1
[0.857s] -- Looking for ignition-transport8 -- found version 8.2.1
[0.857s] -- Searching for dependencies of ignition-transport8
[0.881s] -- Found Protobuf: /usr/lib/x86_64-linux-gnu/libprotobuf.so (found suitable version "3.12.4", minimum required is "3") 
[0.893s] -- Config-file not installed for ZeroMQ -- checking for pkg-config
[0.899s] -- Checking for module 'libzmq >= 4'
[0.917s] --   Found libzmq , version 4.3.4
[0.967s] -- Checking for module 'uuid'
[0.982s] --   Found uuid, version 2.37.2
[1.021s] -- Looking for ignition-msgs5 -- found version 5.8.1
[1.022s] -- Searching for dependencies of ignition-msgs5
[1.047s] -- Looking for ignition-math6 -- found version 6.15.1
[1.054s] -- Checking for module 'tinyxml2'
[1.070s] --   Found tinyxml2, version 9.0.0
[1.111s] -- Looking for ignition-msgs5 -- found version 5.8.1
[1.112s] -- Looking for ignition-common3 -- found version 3.14.0
[1.113s] -- Searching for dependencies of ignition-common3
[1.113s] -- Looking for dlfcn.h - found
[1.113s] -- Looking for libdl - found
[1.131s] -- Searching for <ignition-common3> component [graphics]
[1.132s] -- Looking for ignition-common3-graphics -- found version 3.14.0
[1.133s] -- Searching for dependencies of ignition-common3-graphics
[1.133s] -- Looking for ignition-math6 -- found version 6.15.1
[1.135s] -- Looking for ignition-fuel_tools4 -- found version 4.4.0
[1.136s] -- Searching for dependencies of ignition-fuel_tools4
[1.190s] -- Checking for module 'jsoncpp'
[1.206s] --   Found jsoncpp, version 1.9.5
[1.254s] -- Checking for module 'libzip'
[1.269s] --   Found libzip, version 1.7.3
[1.306s] -- Looking for ignition-common3 -- found version 3.14.0
[1.307s] -- Looking for ignition-math6 -- found version 6.15.1
[1.307s] -- Looking for ignition-msgs5 -- found version 5.8.1
[1.310s] -- Gazebo version: 11.10
[1.312s] -- Found robot_state_publisher: 3.0.3 (/opt/ros/humble/share/robot_state_publisher/cmake)
[1.338s] -- Found eigen3_cmake_module: 0.1.1 (/opt/ros/humble/share/eigen3_cmake_module/cmake)
[1.340s] -- Ensuring Eigen3 include directory is part of orocos-kdl CMake target
[1.493s] -- Found nav2_msgs: 1.1.17 (/opt/ros/humble/share/nav2_msgs/cmake)
[1.541s] -- Found tf2_geometry_msgs: 0.25.11 (/opt/ros/humble/share/tf2_geometry_msgs/cmake)
[1.545s] -- Found xacro: 2.0.8 (/opt/ros/humble/share/xacro/cmake)
[1.548s] -- Found ament_lint_auto: 0.12.11 (/opt/ros/humble/share/ament_lint_auto/cmake)
[1.641s] -- Added test 'cppcheck' to perform static code analysis on C / C++ code
[1.641s] -- Configured cppcheck include dirs: 
[1.641s] -- Configured cppcheck exclude dirs and/or files: 
[1.642s] -- Added test 'flake8' to check Python code syntax and style conventions
[1.644s] -- Added test 'lint_cmake' to check CMake code style
[1.645s] -- Added test 'pep257' to check Python code against some of the docstring style conventions in PEP 257
[1.653s] -- Added test 'uncrustify' to check C / C++ code style
[1.653s] -- Configured uncrustify additional arguments: 
[1.654s] -- Added test 'xmllint' to check XML markup files
[1.655s] -- Configuring done
[1.672s] -- Generating done
[1.677s] -- Build files have been written to: /home/ritvik/rover_ws/build/my_rover
[1.718s] [35m[1mConsolidate compiler generated dependencies of target gps_node[0m
[1.752s] [ 50%] [32mBuilding CXX object CMakeFiles/gps_node.dir/src/navigation.cpp.o[0m
[14.979s] [100%] [32m[1mLinking CXX executable gps_node[0m
[15.642s] [100%] Built target gps_node
[15.657s] Invoked command in '/home/ritvik/rover_ws/build/my_rover' returned '0': CMAKE_PREFIX_PATH=${CMAKE_PREFIX_PATH}:/opt/ros/humble /usr/bin/cmake --build /home/ritvik/rover_ws/build/my_rover -- -j22 -l22
[15.670s] Invoking command in '/home/ritvik/rover_ws/build/my_rover': CMAKE_PREFIX_PATH=${CMAKE_PREFIX_PATH}:/opt/ros/humble /usr/bin/cmake --install /home/ritvik/rover_ws/build/my_rover
[15.678s] -- Install configuration: ""
[15.679s] -- Installing: /home/ritvik/rover_ws/install/my_rover/lib/my_rover/gps_node
[15.685s] -- Set runtime path of "/home/ritvik/rover_ws/install/my_rover/lib/my_rover/gps_node" to ""
[15.685s] -- Up-to-date: /home/ritvik/rover_ws/install/my_rover/share/my_rover//launch
[15.685s] -- Up-to-date: /home/ritvik/rover_ws/install/my_rover/share/my_rover//launch/robot.launch.py
[15.685s] -- Up-to-date: /home/ritvik/rover_ws/install/my_rover/share/my_rover//launch/display.launch.py
[15.686s] -- Up-to-date: /home/ritvik/rover_ws/install/my_rover/share/my_rover//launch/gazebo.launch.py
[15.686s] -- Up-to-date: /home/ritvik/rover_ws/install/my_rover/share/my_rover//urdf
[15.686s] -- Up-to-date: /home/ritvik/rover_ws/install/my_rover/share/my_rover//urdf/gps.xacro
[15.686s] -- Up-to-date: /home/ritvik/rover_ws/install/my_rover/share/my_rover//urdf/material.xacro
[15.686s] -- Up-to-date: /home/ritvik/rover_ws/install/my_rover/share/my_rover//urdf/inertial.xacro
[15.686s] -- Up-to-date: /home/ritvik/rover_ws/install/my_rover/share/my_rover//urdf/cam.xacro
[15.686s] -- Up-to-date: /home/ritvik/rover_ws/install/my_rover/share/my_rover//urdf/stereo.xacro
[15.686s] -- Up-to-date: /home/ritvik/rover_ws/install/my_rover/share/my_rover//urdf/lidar.xacro
[15.686s] -- Up-to-date: /home/ritvik/rover_ws/install/my_rover/share/my_rover//urdf/imu.xacro
[15.686s] -- Up-to-date: /home/ritvik/rover_ws/install/my_rover/share/my_rover//urdf/robot.urdf.xacro
[15.686s] -- Up-to-date: /home/ritvik/rover_ws/install/my_rover/share/my_rover//rviz
[15.687s] -- Up-to-date: /home/ritvik/rover_ws/install/my_rover/share/my_rover//rviz/config.rviz
[15.687s] -- Up-to-date: /home/ritvik/rover_ws/install/my_rover/share/ament_index/resource_index/package_run_dependencies/my_rover
[15.687s] -- Up-to-date: /home/ritvik/rover_ws/install/my_rover/share/ament_index/resource_index/parent_prefix_path/my_rover
[15.687s] -- Up-to-date: /home/ritvik/rover_ws/install/my_rover/share/my_rover/environment/ament_prefix_path.sh
[15.687s] -- Installing: /home/ritvik/rover_ws/install/my_rover/share/my_rover/environment/ament_prefix_path.dsv
[15.687s] -- Up-to-date: /home/ritvik/rover_ws/install/my_rover/share/my_rover/environment/path.sh
[15.687s] -- Installing: /home/ritvik/rover_ws/install/my_rover/share/my_rover/environment/path.dsv
[15.687s] -- Up-to-date: /home/ritvik/rover_ws/install/my_rover/share/my_rover/local_setup.bash
[15.688s] -- Up-to-date: /home/ritvik/rover_ws/install/my_rover/share/my_rover/local_setup.sh
[15.688s] -- Up-to-date: /home/ritvik/rover_ws/install/my_rover/share/my_rover/local_setup.zsh
[15.688s] -- Installing: /home/ritvik/rover_ws/install/my_rover/share/my_rover/local_setup.dsv
[15.688s] -- Installing: /home/ritvik/rover_ws/install/my_rover/share/my_rover/package.dsv
[15.688s] -- Up-to-date: /home/ritvik/rover_ws/install/my_rover/share/ament_index/resource_index/packages/my_rover
[15.688s] -- Up-to-date: /home/ritvik/rover_ws/install/my_rover/share/my_rover/cmake/my_roverConfig.cmake
[15.688s] -- Up-to-date: /home/ritvik/rover_ws/install/my_rover/share/my_rover/cmake/my_roverConfig-version.cmake
[15.688s] -- Up-to-date: /home/ritvik/rover_ws/install/my_rover/share/my_rover/package.xml
[15.690s] Invoked command in '/home/ritvik/rover_ws/build/my_rover' returned '0': CMAKE_PREFIX_PATH=${CMAKE_PREFIX_PATH}:/opt/ros/humble /usr/bin/cmake --install /home/ritvik/rover_ws/build/my_rover
