[0.008s] Invoking command in '/home/ritvik/rover_ws/build/my_rover': CMAKE_PREFIX_PATH=${CMAKE_PREFIX_PATH}:/opt/ros/humble /usr/bin/cmake --build /home/ritvik/rover_ws/build/my_rover -- -j22 -l22
[0.026s] -- Found ament_cmake: 1.3.11 (/opt/ros/humble/share/ament_cmake/cmake)
[0.096s] -- Found gazebo_ros: 3.7.0 (/opt/ros/humble/share/gazebo_ros/cmake)
[0.112s] -- Found rosidl_generator_c: 3.1.6 (/opt/ros/humble/share/rosidl_generator_c/cmake)
[0.114s] -- Found rosidl_adapter: 3.1.6 (/opt/ros/humble/share/rosidl_adapter/cmake)
[0.119s] -- Found rosidl_generator_cpp: 3.1.6 (/opt/ros/humble/share/rosidl_generator_cpp/cmake)
[0.125s] -- Using all available rosidl_typesupport_c: rosidl_typesupport_fastrtps_c;rosidl_typesupport_introspection_c
[0.132s] -- Using all available rosidl_typesupport_cpp: rosidl_typesupport_fastrtps_cpp;rosidl_typesupport_introspection_cpp
[0.150s] -- Found rmw_implementation_cmake: 6.1.2 (/opt/ros/humble/share/rmw_implementation_cmake/cmake)
[0.151s] -- Found rmw_fastrtps_cpp: 6.2.7 (/opt/ros/humble/share/rmw_fastrtps_cpp/cmake)
[0.217s] -- Using RMW implementation 'rmw_fastrtps_cpp' as default
[0.265s] -- Found DART: /usr/include (Required is at least version "6.6") found components: dart 
[0.280s] -- Found Protobuf: /usr/lib/x86_64-linux-gnu/libprotobuf.so (found version "3.12.4") 
[0.281s] -- Looking for ignition-math6 -- found version 6.15.1
[0.284s] -- Searching for dependencies of ignition-math6
[0.284s] -- Looking for OGRE...
[0.288s] -- Found Ogre Ghadamon (1.9.0)
[0.288s] -- Found OGRE: optimized;/usr/lib/x86_64-linux-gnu/libOgreMain.so;debug;/usr/lib/x86_64-linux-gnu/libOgreMain.so
[0.294s] -- Looking for OGRE_Paging...
[0.294s] -- Found OGRE_Paging: optimized;/usr/lib/x86_64-linux-gnu/libOgrePaging.so;debug;/usr/lib/x86_64-linux-gnu/libOgrePaging.so
[0.294s] -- Looking for OGRE_Terrain...
[0.294s] -- Found OGRE_Terrain: optimized;/usr/lib/x86_64-linux-gnu/libOgreTerrain.so;debug;/usr/lib/x86_64-linux-gnu/libOgreTerrain.so
[0.294s] -- Looking for OGRE_Property...
[0.294s] -- Found OGRE_Property: optimized;/usr/lib/x86_64-linux-gnu/libOgreProperty.so;debug;/usr/lib/x86_64-linux-gnu/libOgreProperty.so
[0.294s] -- Looking for OGRE_RTShaderSystem...
[0.294s] -- Found OGRE_RTShaderSystem: optimized;/usr/lib/x86_64-linux-gnu/libOgreRTShaderSystem.so;debug;/usr/lib/x86_64-linux-gnu/libOgreRTShaderSystem.so
[0.294s] -- Looking for OGRE_Volume...
[0.294s] -- Found OGRE_Volume: optimized;/usr/lib/x86_64-linux-gnu/libOgreVolume.so;debug;/usr/lib/x86_64-linux-gnu/libOgreVolume.so
[0.294s] -- Looking for OGRE_Overlay...
[0.294s] -- Found OGRE_Overlay: optimized;/usr/lib/x86_64-linux-gnu/libOgreOverlay.so;debug;/usr/lib/x86_64-linux-gnu/libOgreOverlay.so
[0.347s] -- Looking for ignition-math6 -- found version 6.15.1
[0.347s] -- Looking for ignition-transport8 -- found version 8.2.1
[0.347s] -- Searching for dependencies of ignition-transport8
[0.357s] -- Found Protobuf: /usr/lib/x86_64-linux-gnu/libprotobuf.so (found suitable version "3.12.4", minimum required is "3") 
[0.363s] -- Config-file not installed for ZeroMQ -- checking for pkg-config
[0.367s] -- Checking for module 'libzmq >= 4'
[0.377s] --   Found libzmq , version 4.3.4
[0.410s] -- Checking for module 'uuid'
[0.420s] --   Found uuid, version 2.37.2
[0.446s] -- Looking for ignition-msgs5 -- found version 5.8.1
[0.447s] -- Searching for dependencies of ignition-msgs5
[0.457s] -- Looking for ignition-math6 -- found version 6.15.1
[0.461s] -- Checking for module 'tinyxml2'
[0.472s] --   Found tinyxml2, version 9.0.0
[0.498s] -- Looking for ignition-msgs5 -- found version 5.8.1
[0.499s] -- Looking for ignition-common3 -- found version 3.14.0
[0.499s] -- Searching for dependencies of ignition-common3
[0.499s] -- Looking for dlfcn.h - found
[0.499s] -- Looking for libdl - found
[0.510s] -- Searching for <ignition-common3> component [graphics]
[0.510s] -- Looking for ignition-common3-graphics -- found version 3.14.0
[0.511s] -- Searching for dependencies of ignition-common3-graphics
[0.511s] -- Looking for ignition-math6 -- found version 6.15.1
[0.512s] -- Looking for ignition-fuel_tools4 -- found version 4.4.0
[0.512s] -- Searching for dependencies of ignition-fuel_tools4
[0.542s] -- Checking for module 'jsoncpp'
[0.552s] --   Found jsoncpp, version 1.9.5
[0.583s] -- Checking for module 'libzip'
[0.592s] --   Found libzip, version 1.7.3
[0.619s] -- Looking for ignition-common3 -- found version 3.14.0
[0.619s] -- Looking for ignition-math6 -- found version 6.15.1
[0.619s] -- Looking for ignition-msgs5 -- found version 5.8.1
[0.621s] -- Gazebo version: 11.10
[0.622s] -- Found robot_state_publisher: 3.0.3 (/opt/ros/humble/share/robot_state_publisher/cmake)
[0.632s] -- Found eigen3_cmake_module: 0.1.1 (/opt/ros/humble/share/eigen3_cmake_module/cmake)
[0.633s] -- Ensuring Eigen3 include directory is part of orocos-kdl CMake target
[0.705s] -- Found nav2_msgs: 1.1.17 (/opt/ros/humble/share/nav2_msgs/cmake)
[0.727s] -- Found tf2_geometry_msgs: 0.25.11 (/opt/ros/humble/share/tf2_geometry_msgs/cmake)
[0.729s] -- Found xacro: 2.0.8 (/opt/ros/humble/share/xacro/cmake)
[0.729s] -- Configuring incomplete, errors occurred!
[0.730s] See also "/home/ritvik/rover_ws/build/my_rover/CMakeFiles/CMakeOutput.log".
[0.730s] [31mCMake Error at /opt/ros/humble/share/ament_cmake_target_dependencies/cmake/ament_target_dependencies.cmake:42 (message):
[0.730s]   ament_target_dependencies() the first argument must be a valid target name
[0.730s] Call Stack (most recent call first):
[0.730s]   CMakeLists.txt:24 (ament_target_dependencies)
[0.730s] 
[0.730s] [0m
[0.736s] gmake: *** [Makefile:267: cmake_check_build_system] Error 1
[0.738s] Invoked command in '/home/ritvik/rover_ws/build/my_rover' returned '2': CMAKE_PREFIX_PATH=${CMAKE_PREFIX_PATH}:/opt/ros/humble /usr/bin/cmake --build /home/ritvik/rover_ws/build/my_rover -- -j22 -l22
