[0.016s] Invoking command in '/home/ritvik/rover_ws/build/my_rover': CMAKE_PREFIX_PATH=${CMAKE_PREFIX_PATH}:/opt/ros/humble /usr/bin/cmake --build /home/ritvik/rover_ws/build/my_rover -- -j22 -l22
[0.065s] -- Found ament_cmake: 1.3.11 (/opt/ros/humble/share/ament_cmake/cmake)
[0.226s] [31mCMake Error at CMakeLists.txt:11 (find_package):
[0.226s]   By not providing "Findgazebo_ros.cmake" in CMAKE_MODULE_PATH this project
[0.226s]   has asked CMake to find a package configuration file provided by
[0.226s]   "gazebo_ros", but CMake did not find one.
[0.226s] 
[0.226s]   Could not find a package configuration file provided by "gazebo_ros" with
[0.226s]   any of the following names:
[0.226s] 
[0.226s]     gazebo_rosConfig.cmake
[0.226s]     gazebo_ros-config.cmake
[0.227s] 
[0.227s]   Add the installation prefix of "gazebo_ros" to CMAKE_PREFIX_PATH or set
[0.227s]   "gazebo_ros_DIR" to a directory containing one of the above files.  If
[0.227s]   "gazebo_ros" provides a separate development package or SDK, be sure it has
[0.227s]   been installed.
[0.227s] 
[0.227s] [0m
[0.227s] -- Configuring incomplete, errors occurred!
[0.227s] See also "/home/ritvik/rover_ws/build/my_rover/CMakeFiles/CMakeOutput.log".
[0.230s] gmake: *** [Makefile:267: cmake_check_build_system] Error 1
[0.234s] Invoked command in '/home/ritvik/rover_ws/build/my_rover' returned '2': CMAKE_PREFIX_PATH=${CMAKE_PREFIX_PATH}:/opt/ros/humble /usr/bin/cmake --build /home/ritvik/rover_ws/build/my_rover -- -j22 -l22
