[0.011s] Invoking command in '/home/ritvik/rover_ws/build/my_rover': CMAKE_PREFIX_PATH=/opt/ros/humble /usr/bin/cmake /home/ritvik/rover_ws/src/my_rover -DCMAKE_INSTALL_PREFIX=/home/ritvik/rover_ws/install/my_rover
[0.125s] -- The C compiler identification is GNU 11.4.0
[0.225s] -- The CXX compiler identification is GNU 11.4.0
[0.237s] -- Detecting C compiler ABI info
[0.327s] -- Detecting C compiler ABI info - done
[0.336s] -- Check for working C compiler: /usr/bin/cc - skipped
[0.337s] -- Detecting C compile features
[0.338s] -- Detecting C compile features - done
[0.342s] -- Detecting CXX compiler ABI info
[0.443s] -- Detecting CXX compiler ABI info - done
[0.453s] -- Check for working CXX compiler: /usr/bin/c++ - skipped
[0.453s] -- Detecting CXX compile features
[0.454s] -- Detecting CXX compile features - done
[0.458s] -- Found ament_cmake: 1.3.11 (/opt/ros/humble/share/ament_cmake/cmake)
[0.656s] -- Found Python3: /usr/bin/python3 (found version "3.10.12") found components: Interpreter 
[0.768s] -- Found gazebo_ros: 3.7.0 (/opt/ros/humble/share/gazebo_ros/cmake)
[0.835s] -- Found rosidl_generator_c: 3.1.6 (/opt/ros/humble/share/rosidl_generator_c/cmake)
[0.841s] -- Found rosidl_adapter: 3.1.6 (/opt/ros/humble/share/rosidl_adapter/cmake)
[0.853s] -- Found rosidl_generator_cpp: 3.1.6 (/opt/ros/humble/share/rosidl_generator_cpp/cmake)
[0.869s] -- Using all available rosidl_typesupport_c: rosidl_typesupport_fastrtps_c;rosidl_typesupport_introspection_c
[0.887s] -- Using all available rosidl_typesupport_cpp: rosidl_typesupport_fastrtps_cpp;rosidl_typesupport_introspection_cpp
[0.942s] -- Found rmw_implementation_cmake: 6.1.2 (/opt/ros/humble/share/rmw_implementation_cmake/cmake)
[0.946s] -- Found rmw_fastrtps_cpp: 6.2.7 (/opt/ros/humble/share/rmw_fastrtps_cpp/cmake)
[1.063s] -- Found OpenSSL: /usr/lib/x86_64-linux-gnu/libcrypto.so (found version "3.0.2")  
[1.102s] -- Found FastRTPS: /opt/ros/humble/include  
[1.155s] -- Using RMW implementation 'rmw_fastrtps_cpp' as default
[1.167s] -- Looking for pthread.h
[1.263s] -- Looking for pthread.h - found
[1.264s] -- Performing Test CMAKE_HAVE_LIBC_PTHREAD
[1.356s] -- Performing Test CMAKE_HAVE_LIBC_PTHREAD - Success
[1.358s] -- Found Threads: TRUE  
[1.442s] -- Found PkgConfig: /usr/bin/pkg-config (found version "0.29.2") 
[1.444s] -- Checking for module 'bullet>=2.82'
[1.460s] --   Found bullet, version 3.05
[1.592s] -- Found fcl: /usr/include (found suitable version "0.7.0", minimum required is "0.5.0") 
[1.652s] -- Found assimp: /usr/include (found version "5.2.0") 
[1.683s] -- Found DART: /usr/include (Required is at least version "6.6") found components: dart 
[1.723s] -- Found Boost: /usr/lib/x86_64-linux-gnu/cmake/Boost-1.74.0/BoostConfig.cmake (found suitable version "1.74.0", minimum required is "1.40.0") found components: thread system filesystem program_options regex iostreams date_time 
[1.748s] -- Found Protobuf: /usr/lib/x86_64-linux-gnu/libprotobuf.so (found version "3.12.4") 
[1.754s] -- Looking for ignition-math6 -- found version 6.15.1
[1.764s] -- Searching for dependencies of ignition-math6
[1.767s] -- Looking for OGRE...
[1.767s] -- OGRE_PREFIX_WATCH changed.
[1.774s] -- Checking for module 'OGRE'
[1.790s] --   Found OGRE, version 1.9.0
[1.832s] -- Found Ogre Ghadamon (1.9.0)
[1.840s] -- Found OGRE: optimized;/usr/lib/x86_64-linux-gnu/libOgreMain.so;debug;/usr/lib/x86_64-linux-gnu/libOgreMain.so
[1.854s] -- Looking for OGRE_Paging...
[1.859s] -- Found OGRE_Paging: optimized;/usr/lib/x86_64-linux-gnu/libOgrePaging.so;debug;/usr/lib/x86_64-linux-gnu/libOgrePaging.so
[1.860s] -- Looking for OGRE_Terrain...
[1.865s] -- Found OGRE_Terrain: optimized;/usr/lib/x86_64-linux-gnu/libOgreTerrain.so;debug;/usr/lib/x86_64-linux-gnu/libOgreTerrain.so
[1.865s] -- Looking for OGRE_Property...
[1.871s] -- Found OGRE_Property: optimized;/usr/lib/x86_64-linux-gnu/libOgreProperty.so;debug;/usr/lib/x86_64-linux-gnu/libOgreProperty.so
[1.871s] -- Looking for OGRE_RTShaderSystem...
[1.877s] -- Found OGRE_RTShaderSystem: optimized;/usr/lib/x86_64-linux-gnu/libOgreRTShaderSystem.so;debug;/usr/lib/x86_64-linux-gnu/libOgreRTShaderSystem.so
[1.877s] -- Looking for OGRE_Volume...
[1.882s] -- Found OGRE_Volume: optimized;/usr/lib/x86_64-linux-gnu/libOgreVolume.so;debug;/usr/lib/x86_64-linux-gnu/libOgreVolume.so
[1.882s] -- Looking for OGRE_Overlay...
[1.888s] -- Found OGRE_Overlay: optimized;/usr/lib/x86_64-linux-gnu/libOgreOverlay.so;debug;/usr/lib/x86_64-linux-gnu/libOgreOverlay.so
[1.985s] -- Looking for ignition-math6 -- found version 6.15.1
[1.987s] -- Looking for ignition-transport8 -- found version 8.2.1
[1.988s] -- Searching for dependencies of ignition-transport8
[2.007s] -- Found Protobuf: /usr/lib/x86_64-linux-gnu/libprotobuf.so (found suitable version "3.12.4", minimum required is "3") 
[2.020s] -- Config-file not installed for ZeroMQ -- checking for pkg-config
[2.027s] -- Checking for module 'libzmq >= 4'
[2.043s] --   Found libzmq , version 4.3.4
[2.088s] -- Found ZeroMQ: TRUE (Required is at least version "4") 
[2.096s] -- Checking for module 'uuid'
[2.111s] --   Found uuid, version 2.37.2
[2.151s] -- Found UUID: TRUE  
[2.154s] -- Looking for ignition-msgs5 -- found version 5.8.1
[2.155s] -- Searching for dependencies of ignition-msgs5
[2.179s] -- Looking for ignition-math6 -- found version 6.15.1
[2.185s] -- Checking for module 'tinyxml2'
[2.200s] --   Found tinyxml2, version 9.0.0
[2.244s] -- Looking for ignition-msgs5 -- found version 5.8.1
[2.247s] -- Looking for ignition-common3 -- found version 3.14.0
[2.247s] -- Searching for dependencies of ignition-common3
[2.248s] -- Looking for dlfcn.h - found
[2.249s] -- Looking for libdl - found
[2.251s] -- Found DL: TRUE  
[2.267s] -- Found tinyobjloader: /usr/lib/x86_64-linux-gnu/cmake/tinyobjloader/tinyobjloader-config.cmake (found version "2.0.0") 
[2.269s] -- Searching for <ignition-common3> component [graphics]
[2.272s] -- Looking for ignition-common3-graphics -- found version 3.14.0
[2.272s] -- Searching for dependencies of ignition-common3-graphics
[2.273s] -- Looking for ignition-math6 -- found version 6.15.1
[2.277s] -- Looking for ignition-fuel_tools4 -- found version 4.4.0
[2.277s] -- Searching for dependencies of ignition-fuel_tools4
[2.375s] -- Found CURL: /usr/lib/x86_64-linux-gnu/libcurl.so (found version "7.81.0")  
[2.386s] -- Checking for module 'jsoncpp'
[2.402s] --   Found jsoncpp, version 1.9.5
[2.442s] -- Found JSONCPP: TRUE  
[2.449s] -- Checking for module 'libzip'
[2.464s] --   Found libzip, version 1.7.3
[2.504s] -- Found ZIP: TRUE  
[2.505s] -- Looking for ignition-common3 -- found version 3.14.0
[2.505s] -- Looking for ignition-math6 -- found version 6.15.1
[2.506s] -- Looking for ignition-msgs5 -- found version 5.8.1
[2.511s] -- Gazebo version: 11.10
[2.511s] -- Checking for module 'tbb'
[2.526s] --   Found tbb, version 2021.5.0
[2.569s] -- Found robot_state_publisher: 3.0.3 (/opt/ros/humble/share/robot_state_publisher/cmake)
[2.603s] -- Found eigen3_cmake_module: 0.1.1 (/opt/ros/humble/share/eigen3_cmake_module/cmake)
[2.605s] -- Found Eigen3: TRUE (found version "3.4.0") 
[2.605s] -- Ensuring Eigen3 include directory is part of orocos-kdl CMake target
[2.818s] -- Found xacro: 2.0.8 (/opt/ros/humble/share/xacro/cmake)
[2.819s] -- Found ament_lint_auto: 0.12.11 (/opt/ros/humble/share/ament_lint_auto/cmake)
[2.922s] -- Added test 'flake8' to check Python code syntax and style conventions
[2.923s] -- Added test 'lint_cmake' to check CMake code style
[2.924s] -- Added test 'pep257' to check Python code against some of the docstring style conventions in PEP 257
[2.925s] -- Added test 'xmllint' to check XML markup files
[2.927s] -- Configuring done
[2.935s] -- Generating done
[2.939s] -- Build files have been written to: /home/ritvik/rover_ws/build/my_rover
[2.957s] Invoked command in '/home/ritvik/rover_ws/build/my_rover' returned '0': CMAKE_PREFIX_PATH=/opt/ros/humble /usr/bin/cmake /home/ritvik/rover_ws/src/my_rover -DCMAKE_INSTALL_PREFIX=/home/ritvik/rover_ws/install/my_rover
[2.960s] Invoking command in '/home/ritvik/rover_ws/build/my_rover': CMAKE_PREFIX_PATH=/opt/ros/humble /usr/bin/cmake --build /home/ritvik/rover_ws/build/my_rover -- -j22 -l22
[3.017s] Invoked command in '/home/ritvik/rover_ws/build/my_rover' returned '0': CMAKE_PREFIX_PATH=/opt/ros/humble /usr/bin/cmake --build /home/ritvik/rover_ws/build/my_rover -- -j22 -l22
[3.029s] Invoking command in '/home/ritvik/rover_ws/build/my_rover': CMAKE_PREFIX_PATH=/opt/ros/humble /usr/bin/cmake --install /home/ritvik/rover_ws/build/my_rover
[3.038s] -- Install configuration: ""
[3.039s] -- Installing: /home/ritvik/rover_ws/install/my_rover/share/my_rover//launch
[3.039s] -- Installing: /home/ritvik/rover_ws/install/my_rover/share/my_rover//launch/robot.launch.py
[3.039s] -- Installing: /home/ritvik/rover_ws/install/my_rover/share/my_rover//launch/display.launch.py
[3.039s] -- Installing: /home/ritvik/rover_ws/install/my_rover/share/my_rover//launch/gazebo.launch.py
[3.039s] -- Installing: /home/ritvik/rover_ws/install/my_rover/share/my_rover//urdf
[3.039s] -- Installing: /home/ritvik/rover_ws/install/my_rover/share/my_rover//urdf/gps.xacro
[3.039s] -- Installing: /home/ritvik/rover_ws/install/my_rover/share/my_rover//urdf/material.xacro
[3.039s] -- Installing: /home/ritvik/rover_ws/install/my_rover/share/my_rover//urdf/inertial.xacro
[3.039s] -- Installing: /home/ritvik/rover_ws/install/my_rover/share/my_rover//urdf/cam.xacro
[3.039s] -- Installing: /home/ritvik/rover_ws/install/my_rover/share/my_rover//urdf/stereo.xacro
[3.040s] -- Installing: /home/ritvik/rover_ws/install/my_rover/share/my_rover//urdf/lidar.xacro
[3.040s] -- Installing: /home/ritvik/rover_ws/install/my_rover/share/my_rover//urdf/imu.xacro
[3.040s] -- Installing: /home/ritvik/rover_ws/install/my_rover/share/my_rover//urdf/robot.urdf.xacro
[3.040s] -- Installing: /home/ritvik/rover_ws/install/my_rover/share/my_rover//rviz
[3.040s] -- Installing: /home/ritvik/rover_ws/install/my_rover/share/my_rover//rviz/config.rviz
[3.040s] -- Installing: /home/ritvik/rover_ws/install/my_rover/share/ament_index/resource_index/package_run_dependencies/my_rover
[3.040s] -- Installing: /home/ritvik/rover_ws/install/my_rover/share/ament_index/resource_index/parent_prefix_path/my_rover
[3.040s] -- Installing: /home/ritvik/rover_ws/install/my_rover/share/my_rover/environment/ament_prefix_path.sh
[3.040s] -- Installing: /home/ritvik/rover_ws/install/my_rover/share/my_rover/environment/ament_prefix_path.dsv
[3.040s] -- Installing: /home/ritvik/rover_ws/install/my_rover/share/my_rover/environment/path.sh
[3.041s] -- Installing: /home/ritvik/rover_ws/install/my_rover/share/my_rover/environment/path.dsv
[3.041s] -- Installing: /home/ritvik/rover_ws/install/my_rover/share/my_rover/local_setup.bash
[3.041s] -- Installing: /home/ritvik/rover_ws/install/my_rover/share/my_rover/local_setup.sh
[3.041s] -- Installing: /home/ritvik/rover_ws/install/my_rover/share/my_rover/local_setup.zsh
[3.041s] -- Installing: /home/ritvik/rover_ws/install/my_rover/share/my_rover/local_setup.dsv
[3.041s] -- Installing: /home/ritvik/rover_ws/install/my_rover/share/my_rover/package.dsv
[3.041s] -- Installing: /home/ritvik/rover_ws/install/my_rover/share/ament_index/resource_index/packages/my_rover
[3.041s] -- Installing: /home/ritvik/rover_ws/install/my_rover/share/my_rover/cmake/my_roverConfig.cmake
[3.041s] -- Installing: /home/ritvik/rover_ws/install/my_rover/share/my_rover/cmake/my_roverConfig-version.cmake
[3.042s] -- Installing: /home/ritvik/rover_ws/install/my_rover/share/my_rover/package.xml
[3.044s] Invoked command in '/home/ritvik/rover_ws/build/my_rover' returned '0': CMAKE_PREFIX_PATH=/opt/ros/humble /usr/bin/cmake --install /home/ritvik/rover_ws/build/my_rover
