[100%] Built target gps_node
-- Install configuration: ""
-- Up-to-date: /home/ritvik/rover_ws/install/my_rover/lib/my_rover/gps_node
-- Up-to-date: /home/ritvik/rover_ws/install/my_rover/share/my_rover//launch
-- Up-to-date: /home/ritvik/rover_ws/install/my_rover/share/my_rover//launch/robot.launch.py
-- Up-to-date: /home/ritvik/rover_ws/install/my_rover/share/my_rover//launch/gps.launch.py
-- Up-to-date: /home/ritvik/rover_ws/install/my_rover/share/my_rover//launch/display.launch.py
-- Up-to-date: /home/ritvik/rover_ws/install/my_rover/share/my_rover//launch/gazebo.launch.py
-- Up-to-date: /home/ritvik/rover_ws/install/my_rover/share/my_rover//urdf
-- Installing: /home/ritvik/rover_ws/install/my_rover/share/my_rover//urdf/gps.xacro
-- Installing: /home/ritvik/rover_ws/install/my_rover/share/my_rover//urdf/material.xacro
-- Installing: /home/ritvik/rover_ws/install/my_rover/share/my_rover//urdf/inertial.xacro
-- Installing: /home/ritvik/rover_ws/install/my_rover/share/my_rover//urdf/cam.xacro
-- Installing: /home/ritvik/rover_ws/install/my_rover/share/my_rover//urdf/stereo.xacro
-- Installing: /home/ritvik/rover_ws/install/my_rover/share/my_rover//urdf/lidar.xacro
-- Installing: /home/ritvik/rover_ws/install/my_rover/share/my_rover//urdf/imu.xacro
-- Installing: /home/ritvik/rover_ws/install/my_rover/share/my_rover//urdf/robot.urdf.xacro
-- Up-to-date: /home/ritvik/rover_ws/install/my_rover/share/my_rover//rviz
-- Installing: /home/ritvik/rover_ws/install/my_rover/share/my_rover//rviz/config.rviz
-- Up-to-date: /home/ritvik/rover_ws/install/my_rover/share/ament_index/resource_index/package_run_dependencies/my_rover
-- Up-to-date: /home/ritvik/rover_ws/install/my_rover/share/ament_index/resource_index/parent_prefix_path/my_rover
-- Up-to-date: /home/ritvik/rover_ws/install/my_rover/share/my_rover/environment/ament_prefix_path.sh
-- Up-to-date: /home/ritvik/rover_ws/install/my_rover/share/my_rover/environment/ament_prefix_path.dsv
-- Up-to-date: /home/ritvik/rover_ws/install/my_rover/share/my_rover/environment/path.sh
-- Up-to-date: /home/ritvik/rover_ws/install/my_rover/share/my_rover/environment/path.dsv
-- Up-to-date: /home/ritvik/rover_ws/install/my_rover/share/my_rover/local_setup.bash
-- Up-to-date: /home/ritvik/rover_ws/install/my_rover/share/my_rover/local_setup.sh
-- Up-to-date: /home/ritvik/rover_ws/install/my_rover/share/my_rover/local_setup.zsh
-- Up-to-date: /home/ritvik/rover_ws/install/my_rover/share/my_rover/local_setup.dsv
-- Installing: /home/ritvik/rover_ws/install/my_rover/share/my_rover/package.dsv
-- Up-to-date: /home/ritvik/rover_ws/install/my_rover/share/ament_index/resource_index/packages/my_rover
-- Up-to-date: /home/ritvik/rover_ws/install/my_rover/share/my_rover/cmake/my_roverConfig.cmake
-- Up-to-date: /home/ritvik/rover_ws/install/my_rover/share/my_rover/cmake/my_roverConfig-version.cmake
-- Up-to-date: /home/ritvik/rover_ws/install/my_rover/share/my_rover/package.xml
